mode: count
github.com/abs-lang/abs/object/environment.go:12.62,16.2 3 0
github.com/abs-lang/abs/object/environment.go:20.47,23.2 2 0
github.com/abs-lang/abs/object/environment.go:37.55,39.27 2 0
github.com/abs-lang/abs/object/environment.go:42.2,42.16 1 0
github.com/abs-lang/abs/object/environment.go:39.27,41.3 1 0
github.com/abs-lang/abs/object/environment.go:47.42,49.25 2 0
github.com/abs-lang/abs/object/environment.go:53.2,55.13 2 0
github.com/abs-lang/abs/object/environment.go:49.25,51.3 1 0
github.com/abs-lang/abs/object/environment.go:59.59,62.2 2 0
github.com/abs-lang/abs/object/environment.go:65.43,67.2 1 0
github.com/abs-lang/abs/object/object.go:70.36,70.57 1 0
github.com/abs-lang/abs/object/object.go:76.35,77.40 1 0
github.com/abs-lang/abs/object/object.go:80.2,80.50 1 0
github.com/abs-lang/abs/object/object.go:77.40,79.3 1 0
github.com/abs-lang/abs/object/object.go:82.38,82.60 1 0
github.com/abs-lang/abs/object/object.go:83.38,83.59 1 0
github.com/abs-lang/abs/object/object.go:84.38,84.61 1 0
github.com/abs-lang/abs/object/object.go:91.37,91.59 1 0
github.com/abs-lang/abs/object/object.go:92.37,92.74 1 0
github.com/abs-lang/abs/object/object.go:93.37,93.59 1 0
github.com/abs-lang/abs/object/object.go:99.34,99.53 1 0
github.com/abs-lang/abs/object/object.go:100.34,100.51 1 0
github.com/abs-lang/abs/object/object.go:101.34,101.56 1 0
github.com/abs-lang/abs/object/object.go:108.42,108.69 1 0
github.com/abs-lang/abs/object/object.go:109.42,109.71 1 0
github.com/abs-lang/abs/object/object.go:110.42,110.65 1 0
github.com/abs-lang/abs/object/object.go:116.35,116.55 1 0
github.com/abs-lang/abs/object/object.go:117.35,117.67 1 0
github.com/abs-lang/abs/object/object.go:118.35,118.57 1 0
github.com/abs-lang/abs/object/object.go:135.38,135.61 1 0
github.com/abs-lang/abs/object/object.go:136.37,140.33 3 0
github.com/abs-lang/abs/object/object.go:144.2,151.21 7 0
github.com/abs-lang/abs/object/object.go:140.33,142.3 1 0
github.com/abs-lang/abs/object/object.go:154.34,154.56 1 0
github.com/abs-lang/abs/object/object.go:193.37,193.58 1 6
github.com/abs-lang/abs/object/object.go:194.37,194.55 1 0
github.com/abs-lang/abs/object/object.go:195.37,195.102 1 0
github.com/abs-lang/abs/object/object.go:196.37,196.50 1 0
github.com/abs-lang/abs/object/object.go:197.36,199.2 1 6
github.com/abs-lang/abs/object/object.go:204.34,205.18 1 0
github.com/abs-lang/abs/object/object.go:205.18,207.3 1 0
github.com/abs-lang/abs/object/object.go:213.28,216.2 2 0
github.com/abs-lang/abs/object/object.go:222.31,225.2 2 0
github.com/abs-lang/abs/object/object.go:230.25,234.2 3 0
github.com/abs-lang/abs/object/object.go:238.31,247.16 5 0
github.com/abs-lang/abs/object/object.go:251.2,252.12 2 0
github.com/abs-lang/abs/object/object.go:247.16,249.3 1 0
github.com/abs-lang/abs/object/object.go:261.44,265.14 3 0
github.com/abs-lang/abs/object/object.go:272.2,273.15 2 0
github.com/abs-lang/abs/object/object.go:265.14,267.3 1 0
github.com/abs-lang/abs/object/object.go:267.8,269.3 1 0
github.com/abs-lang/abs/object/object.go:284.37,284.59 1 0
github.com/abs-lang/abs/object/object.go:285.37,285.66 1 0
github.com/abs-lang/abs/object/object.go:286.37,286.59 1 0
github.com/abs-lang/abs/object/object.go:294.36,294.56 1 0
github.com/abs-lang/abs/object/object.go:295.42,297.33 2 0
github.com/abs-lang/abs/object/object.go:302.2,302.17 1 0
github.com/abs-lang/abs/object/object.go:297.33,300.3 2 0
github.com/abs-lang/abs/object/object.go:304.26,306.2 1 0
github.com/abs-lang/abs/object/object.go:307.37,308.16 1 0
github.com/abs-lang/abs/object/object.go:312.2,315.32 3 0
github.com/abs-lang/abs/object/object.go:321.2,321.20 1 0
github.com/abs-lang/abs/object/object.go:308.16,310.3 1 0
github.com/abs-lang/abs/object/object.go:315.32,316.20 1 0
github.com/abs-lang/abs/object/object.go:316.20,318.4 1 0
github.com/abs-lang/abs/object/object.go:323.31,325.2 1 0
github.com/abs-lang/abs/object/object.go:327.35,331.32 3 0
github.com/abs-lang/abs/object/object.go:335.2,339.21 4 0
github.com/abs-lang/abs/object/object.go:331.32,333.3 1 0
github.com/abs-lang/abs/object/object.go:342.32,342.55 1 0
github.com/abs-lang/abs/object/object.go:355.34,355.53 1 0
github.com/abs-lang/abs/object/object.go:356.53,360.2 2 0
github.com/abs-lang/abs/object/object.go:362.33,366.31 3 0
github.com/abs-lang/abs/object/object.go:370.2,376.21 5 0
github.com/abs-lang/abs/object/object.go:366.31,368.3 1 0
github.com/abs-lang/abs/object/object.go:378.30,378.52 1 0
github.com/abs-lang/abs/object/object.go:386.40,390.28 4 0
github.com/abs-lang/abs/object/object.go:395.2,397.25 2 0
github.com/abs-lang/abs/object/object.go:406.2,406.17 1 0
github.com/abs-lang/abs/object/object.go:390.28,393.3 2 0
github.com/abs-lang/abs/object/object.go:397.25,398.32 1 0
github.com/abs-lang/abs/object/object.go:403.3,403.19 1 0
github.com/abs-lang/abs/object/object.go:398.32,401.4 2 0
github.com/abs-lang/abs/object/object.go:408.24,410.2 1 0
github.com/abs-lang/abs/lexer/lexer.go:19.28,26.2 4 5
github.com/abs-lang/abs/lexer/lexer.go:29.32,32.29 3 5
github.com/abs-lang/abs/lexer/lexer.go:40.2,40.55 1 5
github.com/abs-lang/abs/lexer/lexer.go:32.29,34.17 2 860
github.com/abs-lang/abs/lexer/lexer.go:34.17,37.4 2 90
github.com/abs-lang/abs/lexer/lexer.go:44.39,46.2 1 2
github.com/abs-lang/abs/lexer/lexer.go:49.55,53.34 4 0
github.com/abs-lang/abs/lexer/lexer.go:60.2,61.28 2 0
github.com/abs-lang/abs/lexer/lexer.go:53.34,56.33 3 0
github.com/abs-lang/abs/lexer/lexer.go:56.33,57.9 1 0
github.com/abs-lang/abs/lexer/lexer.go:65.55,70.2 4 0
github.com/abs-lang/abs/lexer/lexer.go:72.65,77.2 1 98
github.com/abs-lang/abs/lexer/lexer.go:79.41,84.14 3 259
github.com/abs-lang/abs/lexer/lexer.go:296.2,297.12 2 143
github.com/abs-lang/abs/lexer/lexer.go:85.11,86.26 1 9
github.com/abs-lang/abs/lexer/lexer.go:95.11,96.26 1 4
github.com/abs-lang/abs/lexer/lexer.go:104.11,105.26 1 2
github.com/abs-lang/abs/lexer/lexer.go:113.11,114.26 1 2
github.com/abs-lang/abs/lexer/lexer.go:122.11,123.26 1 2
github.com/abs-lang/abs/lexer/lexer.go:132.11,133.26 1 3
github.com/abs-lang/abs/lexer/lexer.go:145.11,148.29 3 1
github.com/abs-lang/abs/lexer/lexer.go:149.11,150.26 1 2
github.com/abs-lang/abs/lexer/lexer.go:157.11,158.34 1 1
github.com/abs-lang/abs/lexer/lexer.go:159.11,160.26 1 4
github.com/abs-lang/abs/lexer/lexer.go:180.11,181.26 1 6
github.com/abs-lang/abs/lexer/lexer.go:202.11,203.26 1 4
github.com/abs-lang/abs/lexer/lexer.go:216.11,217.36 1 20
github.com/abs-lang/abs/lexer/lexer.go:218.11,219.32 1 2
github.com/abs-lang/abs/lexer/lexer.go:220.11,221.32 1 3
github.com/abs-lang/abs/lexer/lexer.go:222.11,223.26 1 5
github.com/abs-lang/abs/lexer/lexer.go:231.11,232.26 1 3
github.com/abs-lang/abs/lexer/lexer.go:239.11,240.33 1 10
github.com/abs-lang/abs/lexer/lexer.go:241.11,242.33 1 10
github.com/abs-lang/abs/lexer/lexer.go:243.11,244.32 1 1
github.com/abs-lang/abs/lexer/lexer.go:245.11,246.33 1 7
github.com/abs-lang/abs/lexer/lexer.go:247.11,248.33 1 7
github.com/abs-lang/abs/lexer/lexer.go:249.11,252.34 3 14
github.com/abs-lang/abs/lexer/lexer.go:253.12,256.35 3 1
github.com/abs-lang/abs/lexer/lexer.go:257.11,260.34 3 1
github.com/abs-lang/abs/lexer/lexer.go:261.11,262.26 1 6
github.com/abs-lang/abs/lexer/lexer.go:271.11,272.35 1 3
github.com/abs-lang/abs/lexer/lexer.go:273.11,274.35 1 3
github.com/abs-lang/abs/lexer/lexer.go:275.9,278.19 3 6
github.com/abs-lang/abs/lexer/lexer.go:279.10,280.21 1 117
github.com/abs-lang/abs/lexer/lexer.go:86.26,92.4 5 1
github.com/abs-lang/abs/lexer/lexer.go:92.9,94.4 1 8
github.com/abs-lang/abs/lexer/lexer.go:96.26,101.4 4 1
github.com/abs-lang/abs/lexer/lexer.go:101.9,103.4 1 3
github.com/abs-lang/abs/lexer/lexer.go:105.26,110.4 4 1
github.com/abs-lang/abs/lexer/lexer.go:110.9,112.4 1 1
github.com/abs-lang/abs/lexer/lexer.go:114.26,119.4 4 1
github.com/abs-lang/abs/lexer/lexer.go:119.9,121.4 1 1
github.com/abs-lang/abs/lexer/lexer.go:123.26,129.4 5 1
github.com/abs-lang/abs/lexer/lexer.go:129.9,131.4 1 1
github.com/abs-lang/abs/lexer/lexer.go:133.26,137.4 3 1
github.com/abs-lang/abs/lexer/lexer.go:137.9,137.33 1 2
github.com/abs-lang/abs/lexer/lexer.go:137.33,142.4 4 1
github.com/abs-lang/abs/lexer/lexer.go:142.9,144.4 1 1
github.com/abs-lang/abs/lexer/lexer.go:150.26,154.4 3 1
github.com/abs-lang/abs/lexer/lexer.go:154.9,156.4 1 1
github.com/abs-lang/abs/lexer/lexer.go:160.26,162.27 2 2
github.com/abs-lang/abs/lexer/lexer.go:162.27,167.5 4 1
github.com/abs-lang/abs/lexer/lexer.go:167.10,171.5 3 1
github.com/abs-lang/abs/lexer/lexer.go:172.9,172.33 1 2
github.com/abs-lang/abs/lexer/lexer.go:172.33,177.4 4 1
github.com/abs-lang/abs/lexer/lexer.go:177.9,179.4 1 1
github.com/abs-lang/abs/lexer/lexer.go:181.26,184.27 2 2
github.com/abs-lang/abs/lexer/lexer.go:184.27,189.5 4 1
github.com/abs-lang/abs/lexer/lexer.go:189.10,193.5 3 1
github.com/abs-lang/abs/lexer/lexer.go:194.9,194.33 1 4
github.com/abs-lang/abs/lexer/lexer.go:194.33,199.4 4 1
github.com/abs-lang/abs/lexer/lexer.go:199.9,201.4 1 3
github.com/abs-lang/abs/lexer/lexer.go:203.26,208.4 4 1
github.com/abs-lang/abs/lexer/lexer.go:208.9,208.33 1 3
github.com/abs-lang/abs/lexer/lexer.go:208.33,213.4 4 1
github.com/abs-lang/abs/lexer/lexer.go:213.9,215.4 1 2
github.com/abs-lang/abs/lexer/lexer.go:223.26,228.4 4 1
github.com/abs-lang/abs/lexer/lexer.go:228.9,230.4 1 4
github.com/abs-lang/abs/lexer/lexer.go:232.26,236.4 3 1
github.com/abs-lang/abs/lexer/lexer.go:236.9,238.4 1 2
github.com/abs-lang/abs/lexer/lexer.go:262.26,266.4 3 5
github.com/abs-lang/abs/lexer/lexer.go:266.9,270.4 3 1
github.com/abs-lang/abs/lexer/lexer.go:280.21,285.4 4 75
github.com/abs-lang/abs/lexer/lexer.go:285.9,285.27 1 42
github.com/abs-lang/abs/lexer/lexer.go:285.27,291.4 5 41
github.com/abs-lang/abs/lexer/lexer.go:291.9,293.4 1 1
github.com/abs-lang/abs/lexer/lexer.go:300.34,301.66 1 259
github.com/abs-lang/abs/lexer/lexer.go:301.66,303.3 1 179
github.com/abs-lang/abs/lexer/lexer.go:307.28,308.36 1 884
github.com/abs-lang/abs/lexer/lexer.go:313.2,314.18 2 884
github.com/abs-lang/abs/lexer/lexer.go:308.36,310.3 1 12
github.com/abs-lang/abs/lexer/lexer.go:310.8,312.3 1 872
github.com/abs-lang/abs/lexer/lexer.go:317.33,322.23 4 3
github.com/abs-lang/abs/lexer/lexer.go:322.23,324.3 1 2
github.com/abs-lang/abs/lexer/lexer.go:327.33,328.36 1 111
github.com/abs-lang/abs/lexer/lexer.go:331.2,331.32 1 111
github.com/abs-lang/abs/lexer/lexer.go:328.36,330.3 1 0
github.com/abs-lang/abs/lexer/lexer.go:334.42,336.22 2 21
github.com/abs-lang/abs/lexer/lexer.go:339.2,339.30 1 21
github.com/abs-lang/abs/lexer/lexer.go:336.22,338.3 1 0
github.com/abs-lang/abs/lexer/lexer.go:342.41,344.46 2 75
github.com/abs-lang/abs/lexer/lexer.go:347.2,347.45 1 75
github.com/abs-lang/abs/lexer/lexer.go:344.46,346.3 1 207
github.com/abs-lang/abs/lexer/lexer.go:355.68,362.95 5 41
github.com/abs-lang/abs/lexer/lexer.go:395.2,395.34 1 37
github.com/abs-lang/abs/lexer/lexer.go:399.2,399.80 1 36
github.com/abs-lang/abs/lexer/lexer.go:362.95,366.51 1 92
github.com/abs-lang/abs/lexer/lexer.go:372.3,372.18 1 91
github.com/abs-lang/abs/lexer/lexer.go:378.3,378.69 1 91
github.com/abs-lang/abs/lexer/lexer.go:382.3,382.18 1 89
github.com/abs-lang/abs/lexer/lexer.go:390.3,390.15 1 88
github.com/abs-lang/abs/lexer/lexer.go:366.51,368.4 1 1
github.com/abs-lang/abs/lexer/lexer.go:372.18,374.4 1 5
github.com/abs-lang/abs/lexer/lexer.go:378.69,380.4 1 2
github.com/abs-lang/abs/lexer/lexer.go:382.18,384.14 1 4
github.com/abs-lang/abs/lexer/lexer.go:388.4,388.17 1 3
github.com/abs-lang/abs/lexer/lexer.go:384.14,386.5 1 1
github.com/abs-lang/abs/lexer/lexer.go:395.34,397.3 1 1
github.com/abs-lang/abs/lexer/lexer.go:405.46,408.2 2 2
github.com/abs-lang/abs/lexer/lexer.go:415.47,419.6 4 16
github.com/abs-lang/abs/lexer/lexer.go:469.2,469.32 1 16
github.com/abs-lang/abs/lexer/lexer.go:419.6,422.41 2 112
github.com/abs-lang/abs/lexer/lexer.go:437.3,437.49 1 105
github.com/abs-lang/abs/lexer/lexer.go:445.3,445.19 1 98
github.com/abs-lang/abs/lexer/lexer.go:463.3,463.83 1 98
github.com/abs-lang/abs/lexer/lexer.go:466.3,467.23 2 82
github.com/abs-lang/abs/lexer/lexer.go:422.41,426.35 3 7
github.com/abs-lang/abs/lexer/lexer.go:432.4,432.12 1 7
github.com/abs-lang/abs/lexer/lexer.go:426.35,428.5 1 2
github.com/abs-lang/abs/lexer/lexer.go:428.10,431.5 1 5
github.com/abs-lang/abs/lexer/lexer.go:437.49,440.12 3 7
github.com/abs-lang/abs/lexer/lexer.go:445.19,446.42 1 84
github.com/abs-lang/abs/lexer/lexer.go:446.42,449.13 3 0
github.com/abs-lang/abs/lexer/lexer.go:450.10,450.49 1 84
github.com/abs-lang/abs/lexer/lexer.go:450.49,453.13 3 0
github.com/abs-lang/abs/lexer/lexer.go:454.10,454.49 1 84
github.com/abs-lang/abs/lexer/lexer.go:454.49,457.13 3 0
github.com/abs-lang/abs/lexer/lexer.go:463.83,464.9 1 16
github.com/abs-lang/abs/lexer/lexer.go:475.35,477.6 2 3
github.com/abs-lang/abs/lexer/lexer.go:483.2,483.45 1 3
github.com/abs-lang/abs/lexer/lexer.go:477.6,479.48 2 23
github.com/abs-lang/abs/lexer/lexer.go:479.48,480.9 1 3
github.com/abs-lang/abs/lexer/lexer.go:495.38,498.6 3 5
github.com/abs-lang/abs/lexer/lexer.go:509.2,513.19 2 5
github.com/abs-lang/abs/lexer/lexer.go:518.2,518.20 1 5
github.com/abs-lang/abs/lexer/lexer.go:498.6,501.48 2 94
github.com/abs-lang/abs/lexer/lexer.go:501.48,503.28 1 5
github.com/abs-lang/abs/lexer/lexer.go:506.4,506.9 1 5
github.com/abs-lang/abs/lexer/lexer.go:503.28,505.5 1 3
github.com/abs-lang/abs/lexer/lexer.go:513.19,516.3 2 3
github.com/abs-lang/abs/lexer/lexer.go:521.29,523.2 1 399
github.com/abs-lang/abs/lexer/lexer.go:525.28,527.2 1 176
github.com/abs-lang/abs/parser/parser.go:85.34,152.2 58 111
github.com/abs-lang/abs/parser/parser.go:154.30,158.33 3 971
github.com/abs-lang/abs/parser/parser.go:158.33,161.3 2 0
github.com/abs-lang/abs/parser/parser.go:164.55,166.2 1 1521
github.com/abs-lang/abs/parser/parser.go:168.56,170.2 1 1140
github.com/abs-lang/abs/parser/parser.go:172.55,173.24 1 84
github.com/abs-lang/abs/parser/parser.go:177.2,178.14 2 0
github.com/abs-lang/abs/parser/parser.go:173.24,176.3 2 84
github.com/abs-lang/abs/parser/parser.go:181.36,183.2 1 111
github.com/abs-lang/abs/parser/parser.go:185.59,190.2 3 0
github.com/abs-lang/abs/parser/parser.go:192.45,195.2 2 0
github.com/abs-lang/abs/parser/parser.go:197.56,200.2 2 0
github.com/abs-lang/abs/parser/parser.go:202.46,206.31 3 111
github.com/abs-lang/abs/parser/parser.go:214.2,214.16 1 111
github.com/abs-lang/abs/parser/parser.go:206.31,208.18 2 115
github.com/abs-lang/abs/parser/parser.go:211.3,211.16 1 115
github.com/abs-lang/abs/parser/parser.go:208.18,210.4 1 115
github.com/abs-lang/abs/parser/parser.go:217.49,218.37 1 135
github.com/abs-lang/abs/parser/parser.go:222.2,223.22 2 134
github.com/abs-lang/abs/parser/parser.go:227.2,227.37 1 128
github.com/abs-lang/abs/parser/parser.go:218.37,220.3 1 1
github.com/abs-lang/abs/parser/parser.go:223.22,225.3 1 6
github.com/abs-lang/abs/parser/parser.go:237.34,240.34 2 0
github.com/abs-lang/abs/parser/parser.go:240.34,242.3 1 0
github.com/abs-lang/abs/parser/parser.go:245.67,248.33 2 1
github.com/abs-lang/abs/parser/parser.go:252.2,254.33 2 1
github.com/abs-lang/abs/parser/parser.go:260.2,260.34 1 1
github.com/abs-lang/abs/parser/parser.go:264.2,264.13 1 1
github.com/abs-lang/abs/parser/parser.go:248.33,250.3 1 0
github.com/abs-lang/abs/parser/parser.go:254.33,258.3 3 1
github.com/abs-lang/abs/parser/parser.go:260.34,262.3 1 0
github.com/abs-lang/abs/parser/parser.go:271.55,275.32 2 138
github.com/abs-lang/abs/parser/parser.go:312.2,312.34 1 138
github.com/abs-lang/abs/parser/parser.go:316.2,322.36 5 10
github.com/abs-lang/abs/parser/parser.go:325.2,325.13 1 10
github.com/abs-lang/abs/parser/parser.go:275.32,278.33 2 1
github.com/abs-lang/abs/parser/parser.go:282.3,284.35 2 1
github.com/abs-lang/abs/parser/parser.go:278.33,280.4 1 0
github.com/abs-lang/abs/parser/parser.go:284.35,287.4 2 0
github.com/abs-lang/abs/parser/parser.go:288.8,288.38 1 137
github.com/abs-lang/abs/parser/parser.go:288.38,290.3 1 61
github.com/abs-lang/abs/parser/parser.go:290.8,290.39 1 76
github.com/abs-lang/abs/parser/parser.go:290.39,292.35 2 0
github.com/abs-lang/abs/parser/parser.go:301.3,301.38 1 0
github.com/abs-lang/abs/parser/parser.go:292.35,300.4 5 0
github.com/abs-lang/abs/parser/parser.go:301.38,309.4 5 0
github.com/abs-lang/abs/parser/parser.go:312.34,314.3 1 128
github.com/abs-lang/abs/parser/parser.go:322.36,324.3 1 8
github.com/abs-lang/abs/parser/parser.go:329.62,336.35 4 1
github.com/abs-lang/abs/parser/parser.go:346.2,346.36 1 1
github.com/abs-lang/abs/parser/parser.go:350.2,350.13 1 1
github.com/abs-lang/abs/parser/parser.go:336.35,338.3 1 0
github.com/abs-lang/abs/parser/parser.go:338.8,338.66 1 1
github.com/abs-lang/abs/parser/parser.go:338.66,341.3 1 1
github.com/abs-lang/abs/parser/parser.go:341.8,344.3 1 0
github.com/abs-lang/abs/parser/parser.go:346.36,348.3 1 0
github.com/abs-lang/abs/parser/parser.go:354.70,359.36 3 128
github.com/abs-lang/abs/parser/parser.go:363.2,363.13 1 128
github.com/abs-lang/abs/parser/parser.go:359.36,361.3 1 45
github.com/abs-lang/abs/parser/parser.go:366.65,368.19 2 361
github.com/abs-lang/abs/parser/parser.go:372.2,374.73 2 361
github.com/abs-lang/abs/parser/parser.go:385.2,385.16 1 333
github.com/abs-lang/abs/parser/parser.go:368.19,371.3 2 0
github.com/abs-lang/abs/parser/parser.go:374.73,376.19 2 167
github.com/abs-lang/abs/parser/parser.go:380.3,382.27 2 139
github.com/abs-lang/abs/parser/parser.go:376.19,378.4 1 28
github.com/abs-lang/abs/parser/parser.go:388.39,389.48 1 414
github.com/abs-lang/abs/parser/parser.go:393.2,393.15 1 211
github.com/abs-lang/abs/parser/parser.go:389.48,391.3 1 203
github.com/abs-lang/abs/parser/parser.go:396.38,397.47 1 120
github.com/abs-lang/abs/parser/parser.go:401.2,401.15 1 0
github.com/abs-lang/abs/parser/parser.go:397.47,399.3 1 120
github.com/abs-lang/abs/parser/parser.go:405.51,407.2 1 133
github.com/abs-lang/abs/parser/parser.go:410.54,414.16 3 154
github.com/abs-lang/abs/parser/parser.go:420.2,422.12 2 154
github.com/abs-lang/abs/parser/parser.go:414.16,418.3 3 0
github.com/abs-lang/abs/parser/parser.go:426.54,428.2 1 7
github.com/abs-lang/abs/parser/parser.go:431.52,433.2 1 1
github.com/abs-lang/abs/parser/parser.go:436.57,447.2 4 12
github.com/abs-lang/abs/parser/parser.go:450.75,462.2 5 117
github.com/abs-lang/abs/parser/parser.go:465.78,477.2 5 0
github.com/abs-lang/abs/parser/parser.go:480.78,493.33 4 3
github.com/abs-lang/abs/parser/parser.go:493.33,499.3 5 2
github.com/abs-lang/abs/parser/parser.go:499.8,505.3 4 1
github.com/abs-lang/abs/parser/parser.go:509.78,517.2 7 0
github.com/abs-lang/abs/parser/parser.go:520.48,522.2 1 19
github.com/abs-lang/abs/parser/parser.go:524.58,529.33 3 8
github.com/abs-lang/abs/parser/parser.go:533.2,533.12 1 8
github.com/abs-lang/abs/parser/parser.go:529.33,531.3 1 0
github.com/abs-lang/abs/parser/parser.go:543.53,551.33 6 4
github.com/abs-lang/abs/parser/parser.go:555.2,559.32 3 4
github.com/abs-lang/abs/parser/parser.go:589.2,590.19 2 4
github.com/abs-lang/abs/parser/parser.go:551.33,553.3 1 0
github.com/abs-lang/abs/parser/parser.go:559.32,565.29 4 6
github.com/abs-lang/abs/parser/parser.go:585.3,586.42 2 6
github.com/abs-lang/abs/parser/parser.go:565.29,569.35 3 4
github.com/abs-lang/abs/parser/parser.go:569.35,571.5 1 0
github.com/abs-lang/abs/parser/parser.go:572.9,583.4 2 2
github.com/abs-lang/abs/parser/parser.go:596.56,602.33 4 1
github.com/abs-lang/abs/parser/parser.go:606.2,607.19 2 1
github.com/abs-lang/abs/parser/parser.go:602.33,604.3 1 0
github.com/abs-lang/abs/parser/parser.go:613.54,617.32 3 6
github.com/abs-lang/abs/parser/parser.go:621.2,621.34 1 6
github.com/abs-lang/abs/parser/parser.go:625.2,628.31 3 2
github.com/abs-lang/abs/parser/parser.go:631.2,633.33 3 2
github.com/abs-lang/abs/parser/parser.go:636.2,639.30 4 2
github.com/abs-lang/abs/parser/parser.go:643.2,643.33 1 2
github.com/abs-lang/abs/parser/parser.go:646.2,648.19 2 2
github.com/abs-lang/abs/parser/parser.go:617.32,619.3 1 0
github.com/abs-lang/abs/parser/parser.go:621.34,623.3 1 4
github.com/abs-lang/abs/parser/parser.go:628.31,630.3 1 0
github.com/abs-lang/abs/parser/parser.go:633.33,635.3 1 0
github.com/abs-lang/abs/parser/parser.go:639.30,641.3 1 0
github.com/abs-lang/abs/parser/parser.go:643.33,645.3 1 0
github.com/abs-lang/abs/parser/parser.go:654.92,657.32 2 4
github.com/abs-lang/abs/parser/parser.go:661.2,665.31 4 4
github.com/abs-lang/abs/parser/parser.go:677.2,680.29 3 4
github.com/abs-lang/abs/parser/parser.go:683.2,687.33 3 4
github.com/abs-lang/abs/parser/parser.go:691.2,698.31 2 4
github.com/abs-lang/abs/parser/parser.go:708.2,708.19 1 4
github.com/abs-lang/abs/parser/parser.go:657.32,659.3 1 0
github.com/abs-lang/abs/parser/parser.go:665.31,668.33 2 1
github.com/abs-lang/abs/parser/parser.go:672.3,674.16 3 1
github.com/abs-lang/abs/parser/parser.go:668.33,670.4 1 0
github.com/abs-lang/abs/parser/parser.go:680.29,682.3 1 0
github.com/abs-lang/abs/parser/parser.go:687.33,689.3 1 0
github.com/abs-lang/abs/parser/parser.go:698.31,701.34 2 2
github.com/abs-lang/abs/parser/parser.go:705.3,705.51 1 2
github.com/abs-lang/abs/parser/parser.go:701.34,703.4 1 0
github.com/abs-lang/abs/parser/parser.go:712.60,718.62 4 23
github.com/abs-lang/abs/parser/parser.go:726.2,726.14 1 23
github.com/abs-lang/abs/parser/parser.go:718.62,720.18 2 20
github.com/abs-lang/abs/parser/parser.go:723.3,723.16 1 20
github.com/abs-lang/abs/parser/parser.go:720.18,722.4 1 20
github.com/abs-lang/abs/parser/parser.go:732.56,735.33 2 4
github.com/abs-lang/abs/parser/parser.go:739.2,741.33 2 4
github.com/abs-lang/abs/parser/parser.go:745.2,747.12 2 4
github.com/abs-lang/abs/parser/parser.go:735.33,737.3 1 0
github.com/abs-lang/abs/parser/parser.go:741.33,743.3 1 0
github.com/abs-lang/abs/parser/parser.go:751.62,754.33 2 4
github.com/abs-lang/abs/parser/parser.go:759.2,764.33 4 3
github.com/abs-lang/abs/parser/parser.go:771.2,771.33 1 3
github.com/abs-lang/abs/parser/parser.go:775.2,775.20 1 3
github.com/abs-lang/abs/parser/parser.go:754.33,757.3 2 1
github.com/abs-lang/abs/parser/parser.go:764.33,769.3 4 3
github.com/abs-lang/abs/parser/parser.go:771.33,773.3 1 0
github.com/abs-lang/abs/parser/parser.go:779.78,783.2 3 11
github.com/abs-lang/abs/parser/parser.go:785.76,788.24 2 19
github.com/abs-lang/abs/parser/parser.go:793.2,796.33 3 16
github.com/abs-lang/abs/parser/parser.go:802.2,802.24 1 16
github.com/abs-lang/abs/parser/parser.go:806.2,806.13 1 16
github.com/abs-lang/abs/parser/parser.go:788.24,791.3 2 3
github.com/abs-lang/abs/parser/parser.go:796.33,800.3 3 21
github.com/abs-lang/abs/parser/parser.go:802.24,804.3 1 0
github.com/abs-lang/abs/parser/parser.go:810.53,816.2 3 6
github.com/abs-lang/abs/parser/parser.go:819.75,822.32 2 8
github.com/abs-lang/abs/parser/parser.go:830.2,830.32 1 8
github.com/abs-lang/abs/parser/parser.go:842.2,842.35 1 8
github.com/abs-lang/abs/parser/parser.go:846.2,848.12 2 8
github.com/abs-lang/abs/parser/parser.go:822.32,825.3 2 1
github.com/abs-lang/abs/parser/parser.go:825.8,828.3 2 7
github.com/abs-lang/abs/parser/parser.go:830.32,834.36 3 3
github.com/abs-lang/abs/parser/parser.go:834.36,836.4 1 1
github.com/abs-lang/abs/parser/parser.go:836.9,839.4 2 2
github.com/abs-lang/abs/parser/parser.go:842.35,844.3 1 0
github.com/abs-lang/abs/parser/parser.go:852.52,856.35 3 6
github.com/abs-lang/abs/parser/parser.go:874.2,874.33 1 6
github.com/abs-lang/abs/parser/parser.go:878.2,878.13 1 6
github.com/abs-lang/abs/parser/parser.go:856.35,860.33 3 11
github.com/abs-lang/abs/parser/parser.go:864.3,869.65 4 11
github.com/abs-lang/abs/parser/parser.go:860.33,862.4 1 0
github.com/abs-lang/abs/parser/parser.go:869.65,871.4 1 0
github.com/abs-lang/abs/parser/parser.go:874.33,876.3 1 0
github.com/abs-lang/abs/parser/parser.go:881.48,884.2 2 2
github.com/abs-lang/abs/parser/parser.go:888.48,890.2 1 0
github.com/abs-lang/abs/parser/parser.go:892.46,894.2 1 0
github.com/abs-lang/abs/parser/parser.go:896.49,898.2 1 0
github.com/abs-lang/abs/parser/parser.go:900.78,902.2 1 2220
github.com/abs-lang/abs/parser/parser.go:904.76,906.2 1 3552
github.com/abs-lang/abs/ast/ast.go:34.41,35.27 1 0
github.com/abs-lang/abs/ast/ast.go:35.27,37.3 1 0
github.com/abs-lang/abs/ast/ast.go:37.8,39.3 1 0
github.com/abs-lang/abs/ast/ast.go:42.35,45.33 2 1
github.com/abs-lang/abs/ast/ast.go:49.2,49.21 1 1
github.com/abs-lang/abs/ast/ast.go:45.33,47.3 1 1
github.com/abs-lang/abs/ast/ast.go:62.51,62.52 0 0
github.com/abs-lang/abs/ast/ast.go:63.50,63.77 1 0
github.com/abs-lang/abs/ast/ast.go:64.44,67.20 2 1
github.com/abs-lang/abs/ast/ast.go:81.2,83.21 2 1
github.com/abs-lang/abs/ast/ast.go:87.2,89.21 2 1
github.com/abs-lang/abs/ast/ast.go:67.20,69.3 1 1
github.com/abs-lang/abs/ast/ast.go:69.8,69.30 1 0
github.com/abs-lang/abs/ast/ast.go:69.30,71.38 2 0
github.com/abs-lang/abs/ast/ast.go:71.38,74.4 2 0
github.com/abs-lang/abs/ast/ast.go:75.8,75.28 1 0
github.com/abs-lang/abs/ast/ast.go:75.28,77.3 1 0
github.com/abs-lang/abs/ast/ast.go:77.8,77.31 1 0
github.com/abs-lang/abs/ast/ast.go:77.31,79.3 1 0
github.com/abs-lang/abs/ast/ast.go:83.21,85.3 1 1
github.com/abs-lang/abs/ast/ast.go:96.50,96.51 0 0
github.com/abs-lang/abs/ast/ast.go:97.49,97.76 1 0
github.com/abs-lang/abs/ast/ast.go:98.43,100.2 1 0
github.com/abs-lang/abs/ast/ast.go:106.53,106.54 0 0
github.com/abs-lang/abs/ast/ast.go:107.52,107.79 1 0
github.com/abs-lang/abs/ast/ast.go:108.46,110.2 1 0
github.com/abs-lang/abs/ast/ast.go:117.51,117.52 0 0
github.com/abs-lang/abs/ast/ast.go:118.50,118.77 1 0
github.com/abs-lang/abs/ast/ast.go:119.44,124.27 3 0
github.com/abs-lang/abs/ast/ast.go:128.2,130.21 2 0
github.com/abs-lang/abs/ast/ast.go:124.27,126.3 1 0
github.com/abs-lang/abs/ast/ast.go:138.55,138.56 0 0
github.com/abs-lang/abs/ast/ast.go:139.54,139.81 1 0
github.com/abs-lang/abs/ast/ast.go:140.48,141.26 1 0
github.com/abs-lang/abs/ast/ast.go:144.2,144.11 1 0
github.com/abs-lang/abs/ast/ast.go:141.26,143.3 1 0
github.com/abs-lang/abs/ast/ast.go:152.50,152.51 0 0
github.com/abs-lang/abs/ast/ast.go:153.49,153.76 1 0
github.com/abs-lang/abs/ast/ast.go:154.43,157.34 2 0
github.com/abs-lang/abs/ast/ast.go:161.2,161.21 1 0
github.com/abs-lang/abs/ast/ast.go:157.34,159.3 1 0
github.com/abs-lang/abs/ast/ast.go:170.45,170.46 0 0
github.com/abs-lang/abs/ast/ast.go:171.44,171.70 1 0
github.com/abs-lang/abs/ast/ast.go:172.44,172.62 1 2
github.com/abs-lang/abs/ast/ast.go:179.42,179.43 0 0
github.com/abs-lang/abs/ast/ast.go:180.41,180.67 1 0
github.com/abs-lang/abs/ast/ast.go:181.41,181.67 1 0
github.com/abs-lang/abs/ast/ast.go:188.49,188.50 0 0
github.com/abs-lang/abs/ast/ast.go:189.48,189.75 1 0
github.com/abs-lang/abs/ast/ast.go:190.48,190.75 1 0
github.com/abs-lang/abs/ast/ast.go:198.52,198.53 0 0
github.com/abs-lang/abs/ast/ast.go:199.51,199.78 1 0
github.com/abs-lang/abs/ast/ast.go:200.45,209.2 6 0
github.com/abs-lang/abs/ast/ast.go:218.51,218.52 0 0
github.com/abs-lang/abs/ast/ast.go:219.50,219.77 1 0
github.com/abs-lang/abs/ast/ast.go:220.44,230.2 7 0
github.com/abs-lang/abs/ast/ast.go:239.54,239.55 0 0
github.com/abs-lang/abs/ast/ast.go:240.53,240.80 1 0
github.com/abs-lang/abs/ast/ast.go:241.47,251.2 7 0
github.com/abs-lang/abs/ast/ast.go:260.52,260.53 0 0
github.com/abs-lang/abs/ast/ast.go:261.51,261.78 1 0
github.com/abs-lang/abs/ast/ast.go:262.45,266.33 3 0
github.com/abs-lang/abs/ast/ast.go:270.2,277.21 7 0
github.com/abs-lang/abs/ast/ast.go:266.33,268.3 1 0
github.com/abs-lang/abs/ast/ast.go:295.48,295.49 0 0
github.com/abs-lang/abs/ast/ast.go:296.47,296.74 1 0
github.com/abs-lang/abs/ast/ast.go:297.41,300.33 2 0
github.com/abs-lang/abs/ast/ast.go:312.2,312.21 1 0
github.com/abs-lang/abs/ast/ast.go:300.33,301.13 1 0
github.com/abs-lang/abs/ast/ast.go:306.3,309.42 4 0
github.com/abs-lang/abs/ast/ast.go:301.13,304.4 2 0
github.com/abs-lang/abs/ast/ast.go:321.51,321.52 0 0
github.com/abs-lang/abs/ast/ast.go:322.50,322.77 1 0
github.com/abs-lang/abs/ast/ast.go:323.44,332.2 6 0
github.com/abs-lang/abs/ast/ast.go:343.52,343.53 0 0
github.com/abs-lang/abs/ast/ast.go:344.51,344.79 1 0
github.com/abs-lang/abs/ast/ast.go:345.45,350.19 3 0
github.com/abs-lang/abs/ast/ast.go:353.2,358.28 5 0
github.com/abs-lang/abs/ast/ast.go:363.2,363.21 1 0
github.com/abs-lang/abs/ast/ast.go:350.19,352.3 1 0
github.com/abs-lang/abs/ast/ast.go:358.28,361.3 2 0
github.com/abs-lang/abs/ast/ast.go:375.49,375.50 0 0
github.com/abs-lang/abs/ast/ast.go:376.48,376.75 1 0
github.com/abs-lang/abs/ast/ast.go:377.42,391.2 10 0
github.com/abs-lang/abs/ast/ast.go:398.53,398.54 0 0
github.com/abs-lang/abs/ast/ast.go:399.52,399.79 1 0
github.com/abs-lang/abs/ast/ast.go:400.46,405.2 3 0
github.com/abs-lang/abs/ast/ast.go:413.51,413.52 0 0
github.com/abs-lang/abs/ast/ast.go:414.50,414.77 1 0
github.com/abs-lang/abs/ast/ast.go:415.44,419.34 3 0
github.com/abs-lang/abs/ast/ast.go:423.2,429.21 6 0
github.com/abs-lang/abs/ast/ast.go:419.34,421.3 1 0
github.com/abs-lang/abs/ast/ast.go:438.50,438.51 0 0
github.com/abs-lang/abs/ast/ast.go:439.49,439.76 1 0
github.com/abs-lang/abs/ast/ast.go:440.43,444.33 3 0
github.com/abs-lang/abs/ast/ast.go:448.2,453.21 5 0
github.com/abs-lang/abs/ast/ast.go:444.33,446.3 1 0
github.com/abs-lang/abs/ast/ast.go:461.49,461.50 0 0
github.com/abs-lang/abs/ast/ast.go:462.48,462.75 1 0
github.com/abs-lang/abs/ast/ast.go:463.48,463.75 1 0
github.com/abs-lang/abs/ast/ast.go:469.47,469.48 0 0
github.com/abs-lang/abs/ast/ast.go:470.46,470.63 1 0
github.com/abs-lang/abs/ast/ast.go:471.46,471.63 1 0
github.com/abs-lang/abs/ast/ast.go:478.48,478.49 0 0
github.com/abs-lang/abs/ast/ast.go:479.47,479.74 1 0
github.com/abs-lang/abs/ast/ast.go:480.41,484.33 3 0
github.com/abs-lang/abs/ast/ast.go:488.2,492.21 4 0
github.com/abs-lang/abs/ast/ast.go:484.33,486.3 1 0
github.com/abs-lang/abs/ast/ast.go:509.51,509.52 0 0
github.com/abs-lang/abs/ast/ast.go:510.50,510.77 1 0
github.com/abs-lang/abs/ast/ast.go:511.44,518.16 5 0
github.com/abs-lang/abs/ast/ast.go:524.2,526.21 2 0
github.com/abs-lang/abs/ast/ast.go:518.16,520.3 1 0
github.com/abs-lang/abs/ast/ast.go:520.8,522.3 1 0
github.com/abs-lang/abs/ast/ast.go:535.54,535.55 0 0
github.com/abs-lang/abs/ast/ast.go:536.53,536.80 1 0
github.com/abs-lang/abs/ast/ast.go:537.47,547.2 7 0
github.com/abs-lang/abs/ast/ast.go:554.47,554.48 0 0
github.com/abs-lang/abs/ast/ast.go:555.46,555.73 1 0
github.com/abs-lang/abs/ast/ast.go:556.40,560.35 3 0
github.com/abs-lang/abs/ast/ast.go:564.2,568.21 4 0
github.com/abs-lang/abs/ast/ast.go:560.35,562.3 1 0
github.com/abs-lang/abs/evaluator/evaluator.go:35.13,37.2 1 1
github.com/abs-lang/abs/evaluator/evaluator.go:39.79,44.2 3 74
github.com/abs-lang/abs/evaluator/evaluator.go:46.89,48.2 1 2
github.com/abs-lang/abs/evaluator/evaluator.go:50.95,52.2 1 19
github.com/abs-lang/abs/evaluator/evaluator.go:57.93,64.2 3 493
github.com/abs-lang/abs/evaluator/evaluator.go:66.65,67.29 1 4751
github.com/abs-lang/abs/evaluator/evaluator.go:228.2,228.13 1 47
github.com/abs-lang/abs/evaluator/evaluator.go:69.20,70.32 1 493
github.com/abs-lang/abs/evaluator/evaluator.go:72.27,73.39 1 208
github.com/abs-lang/abs/evaluator/evaluator.go:75.32,76.36 1 633
github.com/abs-lang/abs/evaluator/evaluator.go:78.28,80.19 2 16
github.com/abs-lang/abs/evaluator/evaluator.go:83.3,83.41 1 15
github.com/abs-lang/abs/evaluator/evaluator.go:85.28,88.19 2 302
github.com/abs-lang/abs/evaluator/evaluator.go:92.3,92.14 1 297
github.com/abs-lang/abs/evaluator/evaluator.go:94.26,95.62 1 1013
github.com/abs-lang/abs/evaluator/evaluator.go:97.24,98.14 1 7
github.com/abs-lang/abs/evaluator/evaluator.go:100.26,101.62 1 303
github.com/abs-lang/abs/evaluator/evaluator.go:103.20,104.47 1 45
github.com/abs-lang/abs/evaluator/evaluator.go:106.29,108.21 2 49
github.com/abs-lang/abs/evaluator/evaluator.go:111.3,111.64 1 49
github.com/abs-lang/abs/evaluator/evaluator.go:113.28,114.84 1 460
github.com/abs-lang/abs/evaluator/evaluator.go:116.31,118.20 2 16
github.com/abs-lang/abs/evaluator/evaluator.go:121.3,122.21 2 16
github.com/abs-lang/abs/evaluator/evaluator.go:126.3,127.19 2 16
github.com/abs-lang/abs/evaluator/evaluator.go:131.3,132.20 2 16
github.com/abs-lang/abs/evaluator/evaluator.go:135.3,135.39 1 16
github.com/abs-lang/abs/evaluator/evaluator.go:147.3,148.14 2 0
github.com/abs-lang/abs/evaluator/evaluator.go:150.25,151.37 1 40
github.com/abs-lang/abs/evaluator/evaluator.go:153.28,154.40 1 3
github.com/abs-lang/abs/evaluator/evaluator.go:156.26,157.38 1 9
github.com/abs-lang/abs/evaluator/evaluator.go:159.28,160.40 1 24
github.com/abs-lang/abs/evaluator/evaluator.go:162.23,163.35 1 563
github.com/abs-lang/abs/evaluator/evaluator.go:165.28,168.87 3 26
github.com/abs-lang/abs/evaluator/evaluator.go:170.27,172.24 2 88
github.com/abs-lang/abs/evaluator/evaluator.go:176.3,177.41 2 88
github.com/abs-lang/abs/evaluator/evaluator.go:181.3,181.51 1 88
github.com/abs-lang/abs/evaluator/evaluator.go:183.29,185.17 2 136
github.com/abs-lang/abs/evaluator/evaluator.go:189.3,190.41 2 136
github.com/abs-lang/abs/evaluator/evaluator.go:194.3,194.64 1 136
github.com/abs-lang/abs/evaluator/evaluator.go:196.31,197.43 1 28
github.com/abs-lang/abs/evaluator/evaluator.go:199.25,201.49 2 102
github.com/abs-lang/abs/evaluator/evaluator.go:204.3,204.62 1 101
github.com/abs-lang/abs/evaluator/evaluator.go:206.28,207.40 1 60
github.com/abs-lang/abs/evaluator/evaluator.go:209.24,210.36 1 32
github.com/abs-lang/abs/evaluator/evaluator.go:212.30,213.60 1 27
github.com/abs-lang/abs/evaluator/evaluator.go:218.27,219.69 1 2
github.com/abs-lang/abs/evaluator/evaluator.go:223.30,224.75 1 19
github.com/abs-lang/abs/evaluator/evaluator.go:80.19,82.4 1 1
github.com/abs-lang/abs/evaluator/evaluator.go:88.19,90.4 1 5
github.com/abs-lang/abs/evaluator/evaluator.go:108.21,110.4 1 0
github.com/abs-lang/abs/evaluator/evaluator.go:118.20,120.4 1 0
github.com/abs-lang/abs/evaluator/evaluator.go:122.21,124.4 1 0
github.com/abs-lang/abs/evaluator/evaluator.go:127.19,129.4 1 16
github.com/abs-lang/abs/evaluator/evaluator.go:132.20,134.4 1 0
github.com/abs-lang/abs/evaluator/evaluator.go:136.24,138.15 2 13
github.com/abs-lang/abs/evaluator/evaluator.go:139.29,141.51 1 2
github.com/abs-lang/abs/evaluator/evaluator.go:142.32,144.54 1 1
github.com/abs-lang/abs/evaluator/evaluator.go:172.24,174.4 1 0
github.com/abs-lang/abs/evaluator/evaluator.go:177.41,179.4 1 0
github.com/abs-lang/abs/evaluator/evaluator.go:185.17,187.4 1 0
github.com/abs-lang/abs/evaluator/evaluator.go:190.41,192.4 1 0
github.com/abs-lang/abs/evaluator/evaluator.go:201.49,203.4 1 1
github.com/abs-lang/abs/evaluator/evaluator.go:231.79,233.47 2 493
github.com/abs-lang/abs/evaluator/evaluator.go:243.2,243.15 1 432
github.com/abs-lang/abs/evaluator/evaluator.go:233.47,235.34 2 691
github.com/abs-lang/abs/evaluator/evaluator.go:236.28,237.23 1 9
github.com/abs-lang/abs/evaluator/evaluator.go:238.22,239.17 1 52
github.com/abs-lang/abs/evaluator/evaluator.go:249.17,252.45 2 208
github.com/abs-lang/abs/evaluator/evaluator.go:263.2,263.15 1 149
github.com/abs-lang/abs/evaluator/evaluator.go:252.45,255.20 2 200
github.com/abs-lang/abs/evaluator/evaluator.go:255.20,257.63 2 200
github.com/abs-lang/abs/evaluator/evaluator.go:257.63,259.5 1 59
github.com/abs-lang/abs/evaluator/evaluator.go:267.111,270.40 3 9
github.com/abs-lang/abs/evaluator/evaluator.go:287.2,287.39 1 4
github.com/abs-lang/abs/evaluator/evaluator.go:298.2,298.13 1 0
github.com/abs-lang/abs/evaluator/evaluator.go:270.40,274.14 4 5
github.com/abs-lang/abs/evaluator/evaluator.go:277.3,277.24 1 5
github.com/abs-lang/abs/evaluator/evaluator.go:284.3,285.14 2 5
github.com/abs-lang/abs/evaluator/evaluator.go:274.14,276.4 1 0
github.com/abs-lang/abs/evaluator/evaluator.go:277.24,279.39 1 1
github.com/abs-lang/abs/evaluator/evaluator.go:282.4,282.32 1 1
github.com/abs-lang/abs/evaluator/evaluator.go:279.39,281.5 1 2
github.com/abs-lang/abs/evaluator/evaluator.go:287.39,290.10 3 4
github.com/abs-lang/abs/evaluator/evaluator.go:293.3,296.14 4 4
github.com/abs-lang/abs/evaluator/evaluator.go:290.10,292.4 1 0
github.com/abs-lang/abs/evaluator/evaluator.go:302.117,304.39 2 4
github.com/abs-lang/abs/evaluator/evaluator.go:312.2,312.88 1 0
github.com/abs-lang/abs/evaluator/evaluator.go:304.39,311.3 6 4
github.com/abs-lang/abs/evaluator/evaluator.go:315.85,317.18 2 302
github.com/abs-lang/abs/evaluator/evaluator.go:322.2,322.20 1 297
github.com/abs-lang/abs/evaluator/evaluator.go:328.2,328.23 1 22
github.com/abs-lang/abs/evaluator/evaluator.go:357.2,357.21 1 10
github.com/abs-lang/abs/evaluator/evaluator.go:361.2,361.24 1 3
github.com/abs-lang/abs/evaluator/evaluator.go:365.2,365.12 1 0
github.com/abs-lang/abs/evaluator/evaluator.go:317.18,319.3 1 5
github.com/abs-lang/abs/evaluator/evaluator.go:322.20,325.3 2 275
github.com/abs-lang/abs/evaluator/evaluator.go:328.23,329.26 1 12
github.com/abs-lang/abs/evaluator/evaluator.go:354.3,354.13 1 12
github.com/abs-lang/abs/evaluator/evaluator.go:330.22,332.34 2 9
github.com/abs-lang/abs/evaluator/evaluator.go:340.21,341.34 1 3
github.com/abs-lang/abs/evaluator/evaluator.go:350.11,351.133 1 0
github.com/abs-lang/abs/evaluator/evaluator.go:332.34,333.26 1 21
github.com/abs-lang/abs/evaluator/evaluator.go:338.5,338.33 1 6
github.com/abs-lang/abs/evaluator/evaluator.go:333.26,335.14 2 15
github.com/abs-lang/abs/evaluator/evaluator.go:341.34,344.11 2 9
github.com/abs-lang/abs/evaluator/evaluator.go:344.11,346.6 1 3
github.com/abs-lang/abs/evaluator/evaluator.go:346.11,348.6 1 6
github.com/abs-lang/abs/evaluator/evaluator.go:357.21,359.3 1 7
github.com/abs-lang/abs/evaluator/evaluator.go:361.24,363.3 1 3
github.com/abs-lang/abs/evaluator/evaluator.go:368.60,369.11 1 200
github.com/abs-lang/abs/evaluator/evaluator.go:372.2,372.14 1 57
github.com/abs-lang/abs/evaluator/evaluator.go:369.11,371.3 1 143
github.com/abs-lang/abs/evaluator/evaluator.go:375.96,376.18 1 49
github.com/abs-lang/abs/evaluator/evaluator.go:377.11,378.43 1 15
github.com/abs-lang/abs/evaluator/evaluator.go:379.11,380.55 1 30
github.com/abs-lang/abs/evaluator/evaluator.go:381.11,382.55 1 4
github.com/abs-lang/abs/evaluator/evaluator.go:383.10,384.73 1 0
github.com/abs-lang/abs/evaluator/evaluator.go:392.17,394.19 2 476
github.com/abs-lang/abs/evaluator/evaluator.go:404.2,404.22 1 474
github.com/abs-lang/abs/evaluator/evaluator.go:416.2,416.22 1 462
github.com/abs-lang/abs/evaluator/evaluator.go:423.2,424.20 2 446
github.com/abs-lang/abs/evaluator/evaluator.go:428.2,428.9 1 445
github.com/abs-lang/abs/evaluator/evaluator.go:394.19,396.3 1 2
github.com/abs-lang/abs/evaluator/evaluator.go:404.22,405.22 1 12
github.com/abs-lang/abs/evaluator/evaluator.go:408.3,408.36 1 8
github.com/abs-lang/abs/evaluator/evaluator.go:405.22,407.4 1 4
github.com/abs-lang/abs/evaluator/evaluator.go:416.22,417.21 1 16
github.com/abs-lang/abs/evaluator/evaluator.go:420.3,420.36 1 7
github.com/abs-lang/abs/evaluator/evaluator.go:417.21,419.4 1 9
github.com/abs-lang/abs/evaluator/evaluator.go:424.20,426.3 1 1
github.com/abs-lang/abs/evaluator/evaluator.go:429.77,430.63 1 384
github.com/abs-lang/abs/evaluator/evaluator.go:431.77,432.63 1 23
github.com/abs-lang/abs/evaluator/evaluator.go:433.75,434.62 1 2
github.com/abs-lang/abs/evaluator/evaluator.go:435.73,436.61 1 1
github.com/abs-lang/abs/evaluator/evaluator.go:437.24,438.44 1 12
github.com/abs-lang/abs/evaluator/evaluator.go:439.24,440.50 1 9
github.com/abs-lang/abs/evaluator/evaluator.go:441.24,442.50 1 2
github.com/abs-lang/abs/evaluator/evaluator.go:443.35,444.87 1 7
github.com/abs-lang/abs/evaluator/evaluator.go:445.10,446.90 1 5
github.com/abs-lang/abs/evaluator/evaluator.go:450.68,451.21 1 15
github.com/abs-lang/abs/evaluator/evaluator.go:455.2,455.13 1 8
github.com/abs-lang/abs/evaluator/evaluator.go:451.21,453.3 1 7
github.com/abs-lang/abs/evaluator/evaluator.go:458.92,459.27 1 4
github.com/abs-lang/abs/evaluator/evaluator.go:460.22,461.57 1 3
github.com/abs-lang/abs/evaluator/evaluator.go:462.10,463.109 1 1
github.com/abs-lang/abs/evaluator/evaluator.go:467.92,468.39 1 30
github.com/abs-lang/abs/evaluator/evaluator.go:472.2,473.38 2 29
github.com/abs-lang/abs/evaluator/evaluator.go:468.39,470.3 1 1
github.com/abs-lang/abs/evaluator/evaluator.go:479.17,482.18 3 384
github.com/abs-lang/abs/evaluator/evaluator.go:483.11,484.63 1 168
github.com/abs-lang/abs/evaluator/evaluator.go:485.11,486.63 1 4
github.com/abs-lang/abs/evaluator/evaluator.go:487.11,488.63 1 23
github.com/abs-lang/abs/evaluator/evaluator.go:489.11,490.63 1 5
github.com/abs-lang/abs/evaluator/evaluator.go:491.12,493.72 1 4
github.com/abs-lang/abs/evaluator/evaluator.go:494.11,495.72 1 3
github.com/abs-lang/abs/evaluator/evaluator.go:496.11,497.55 1 101
github.com/abs-lang/abs/evaluator/evaluator.go:498.11,499.55 1 21
github.com/abs-lang/abs/evaluator/evaluator.go:500.12,501.56 1 2
github.com/abs-lang/abs/evaluator/evaluator.go:502.12,503.56 1 2
github.com/abs-lang/abs/evaluator/evaluator.go:504.13,507.26 2 3
github.com/abs-lang/abs/evaluator/evaluator.go:515.3,515.11 1 3
github.com/abs-lang/abs/evaluator/evaluator.go:516.12,517.56 1 16
github.com/abs-lang/abs/evaluator/evaluator.go:518.12,519.56 1 2
github.com/abs-lang/abs/evaluator/evaluator.go:520.11,521.86 1 3
github.com/abs-lang/abs/evaluator/evaluator.go:522.11,523.86 1 3
github.com/abs-lang/abs/evaluator/evaluator.go:524.12,525.89 1 3
github.com/abs-lang/abs/evaluator/evaluator.go:526.12,527.89 1 3
github.com/abs-lang/abs/evaluator/evaluator.go:528.11,529.86 1 3
github.com/abs-lang/abs/evaluator/evaluator.go:530.11,531.79 1 3
github.com/abs-lang/abs/evaluator/evaluator.go:533.12,536.40 2 12
github.com/abs-lang/abs/evaluator/evaluator.go:539.3,539.48 1 12
github.com/abs-lang/abs/evaluator/evaluator.go:540.10,541.90 1 0
github.com/abs-lang/abs/evaluator/evaluator.go:507.26,509.4 1 1
github.com/abs-lang/abs/evaluator/evaluator.go:509.9,509.32 1 2
github.com/abs-lang/abs/evaluator/evaluator.go:509.32,511.4 1 1
github.com/abs-lang/abs/evaluator/evaluator.go:511.9,513.4 1 1
github.com/abs-lang/abs/evaluator/evaluator.go:536.40,538.4 1 53
github.com/abs-lang/abs/evaluator/evaluator.go:549.17,553.21 3 23
github.com/abs-lang/abs/evaluator/evaluator.go:557.2,557.22 1 14
github.com/abs-lang/abs/evaluator/evaluator.go:561.2,561.22 1 9
github.com/abs-lang/abs/evaluator/evaluator.go:565.2,565.21 1 9
github.com/abs-lang/abs/evaluator/evaluator.go:569.2,569.22 1 7
github.com/abs-lang/abs/evaluator/evaluator.go:573.2,573.21 1 5
github.com/abs-lang/abs/evaluator/evaluator.go:583.2,583.22 1 3
github.com/abs-lang/abs/evaluator/evaluator.go:593.2,593.89 1 1
github.com/abs-lang/abs/evaluator/evaluator.go:553.21,555.3 1 9
github.com/abs-lang/abs/evaluator/evaluator.go:557.22,559.3 1 5
github.com/abs-lang/abs/evaluator/evaluator.go:561.22,563.3 1 0
github.com/abs-lang/abs/evaluator/evaluator.go:565.21,567.3 1 2
github.com/abs-lang/abs/evaluator/evaluator.go:569.22,571.3 1 2
github.com/abs-lang/abs/evaluator/evaluator.go:573.21,576.17 2 2
github.com/abs-lang/abs/evaluator/evaluator.go:580.3,580.50 1 2
github.com/abs-lang/abs/evaluator/evaluator.go:576.17,578.4 1 0
github.com/abs-lang/abs/evaluator/evaluator.go:583.22,586.17 2 2
github.com/abs-lang/abs/evaluator/evaluator.go:590.3,590.50 1 2
github.com/abs-lang/abs/evaluator/evaluator.go:586.17,588.4 1 0
github.com/abs-lang/abs/evaluator/evaluator.go:596.51,598.2 1 2
github.com/abs-lang/abs/evaluator/evaluator.go:600.52,603.16 2 2
github.com/abs-lang/abs/evaluator/evaluator.go:606.2,607.50 2 2
github.com/abs-lang/abs/evaluator/evaluator.go:611.2,611.12 1 2
github.com/abs-lang/abs/evaluator/evaluator.go:603.16,605.3 1 0
github.com/abs-lang/abs/evaluator/evaluator.go:607.50,609.3 1 0
github.com/abs-lang/abs/evaluator/evaluator.go:618.17,619.21 1 2
github.com/abs-lang/abs/evaluator/evaluator.go:625.2,625.89 1 0
github.com/abs-lang/abs/evaluator/evaluator.go:619.21,623.3 3 2
github.com/abs-lang/abs/evaluator/evaluator.go:632.17,635.21 3 1
github.com/abs-lang/abs/evaluator/evaluator.go:646.2,646.89 1 0
github.com/abs-lang/abs/evaluator/evaluator.go:635.21,638.38 3 1
github.com/abs-lang/abs/evaluator/evaluator.go:643.3,643.50 1 1
github.com/abs-lang/abs/evaluator/evaluator.go:638.38,642.4 3 3
github.com/abs-lang/abs/evaluator/evaluator.go:649.81,652.34 2 14
github.com/abs-lang/abs/evaluator/evaluator.go:688.2,688.50 1 13
github.com/abs-lang/abs/evaluator/evaluator.go:653.21,654.32 1 9
github.com/abs-lang/abs/evaluator/evaluator.go:675.22,676.39 1 2
github.com/abs-lang/abs/evaluator/evaluator.go:679.20,680.39 1 2
github.com/abs-lang/abs/evaluator/evaluator.go:684.10,685.74 1 1
github.com/abs-lang/abs/evaluator/evaluator.go:655.23,656.40 1 4
github.com/abs-lang/abs/evaluator/evaluator.go:662.23,663.40 1 5
github.com/abs-lang/abs/evaluator/evaluator.go:656.40,657.69 1 6
github.com/abs-lang/abs/evaluator/evaluator.go:657.69,659.11 2 1
github.com/abs-lang/abs/evaluator/evaluator.go:663.40,669.88 1 3
github.com/abs-lang/abs/evaluator/evaluator.go:669.88,671.11 2 2
github.com/abs-lang/abs/evaluator/evaluator.go:676.39,678.4 1 2
github.com/abs-lang/abs/evaluator/evaluator.go:680.39,683.4 2 2
github.com/abs-lang/abs/evaluator/evaluator.go:694.17,695.40 1 40
github.com/abs-lang/abs/evaluator/evaluator.go:707.2,707.13 1 4
github.com/abs-lang/abs/evaluator/evaluator.go:695.40,698.25 2 47
github.com/abs-lang/abs/evaluator/evaluator.go:702.3,702.26 1 47
github.com/abs-lang/abs/evaluator/evaluator.go:698.25,700.4 1 0
github.com/abs-lang/abs/evaluator/evaluator.go:702.26,704.4 1 36
github.com/abs-lang/abs/evaluator/evaluator.go:713.17,715.24 2 16
github.com/abs-lang/abs/evaluator/evaluator.go:719.2,719.25 1 16
github.com/abs-lang/abs/evaluator/evaluator.go:728.2,728.13 1 15
github.com/abs-lang/abs/evaluator/evaluator.go:715.24,717.3 1 0
github.com/abs-lang/abs/evaluator/evaluator.go:719.25,722.25 2 14
github.com/abs-lang/abs/evaluator/evaluator.go:726.3,726.31 1 13
github.com/abs-lang/abs/evaluator/evaluator.go:722.25,724.4 1 1
github.com/abs-lang/abs/evaluator/evaluator.go:735.17,742.18 3 9
github.com/abs-lang/abs/evaluator/evaluator.go:747.2,752.15 2 8
github.com/abs-lang/abs/evaluator/evaluator.go:761.2,761.12 1 8
github.com/abs-lang/abs/evaluator/evaluator.go:798.2,798.13 1 5
github.com/abs-lang/abs/evaluator/evaluator.go:742.18,744.3 1 1
github.com/abs-lang/abs/evaluator/evaluator.go:752.15,753.24 1 8
github.com/abs-lang/abs/evaluator/evaluator.go:753.24,755.4 1 2
github.com/abs-lang/abs/evaluator/evaluator.go:755.9,757.4 1 6
github.com/abs-lang/abs/evaluator/evaluator.go:761.12,764.25 2 59
github.com/abs-lang/abs/evaluator/evaluator.go:769.3,769.26 1 58
github.com/abs-lang/abs/evaluator/evaluator.go:795.3,795.16 1 5
github.com/abs-lang/abs/evaluator/evaluator.go:764.25,766.4 1 1
github.com/abs-lang/abs/evaluator/evaluator.go:769.26,771.20 2 53
github.com/abs-lang/abs/evaluator/evaluator.go:786.4,787.20 2 51
github.com/abs-lang/abs/evaluator/evaluator.go:791.4,791.12 1 51
github.com/abs-lang/abs/evaluator/evaluator.go:771.20,776.23 1 12
github.com/abs-lang/abs/evaluator/evaluator.go:777.29,778.17 1 1
github.com/abs-lang/abs/evaluator/evaluator.go:779.32,779.32 0 10
github.com/abs-lang/abs/evaluator/evaluator.go:781.24,782.16 1 1
github.com/abs-lang/abs/evaluator/evaluator.go:787.20,789.5 1 0
github.com/abs-lang/abs/evaluator/evaluator.go:805.17,814.15 4 24
github.com/abs-lang/abs/evaluator/evaluator.go:828.2,828.30 1 24
github.com/abs-lang/abs/evaluator/evaluator.go:814.15,815.10 1 24
github.com/abs-lang/abs/evaluator/evaluator.go:821.3,821.10 1 24
github.com/abs-lang/abs/evaluator/evaluator.go:815.10,817.4 1 1
github.com/abs-lang/abs/evaluator/evaluator.go:817.9,819.4 1 23
github.com/abs-lang/abs/evaluator/evaluator.go:821.10,823.4 1 2
github.com/abs-lang/abs/evaluator/evaluator.go:823.9,825.4 1 22
github.com/abs-lang/abs/evaluator/evaluator.go:829.23,830.16 1 21
github.com/abs-lang/abs/evaluator/evaluator.go:834.3,834.43 1 21
github.com/abs-lang/abs/evaluator/evaluator.go:835.23,836.20 1 0
github.com/abs-lang/abs/evaluator/evaluator.go:840.3,840.43 1 0
github.com/abs-lang/abs/evaluator/evaluator.go:841.10,842.113 1 3
github.com/abs-lang/abs/evaluator/evaluator.go:830.16,832.4 1 21
github.com/abs-lang/abs/evaluator/evaluator.go:836.20,838.4 1 0
github.com/abs-lang/abs/evaluator/evaluator.go:850.141,856.27 2 21
github.com/abs-lang/abs/evaluator/evaluator.go:884.2,884.26 1 19
github.com/abs-lang/abs/evaluator/evaluator.go:893.2,893.13 1 13
github.com/abs-lang/abs/evaluator/evaluator.go:856.27,863.19 4 60
github.com/abs-lang/abs/evaluator/evaluator.go:880.3,881.16 2 58
github.com/abs-lang/abs/evaluator/evaluator.go:863.19,868.22 1 11
github.com/abs-lang/abs/evaluator/evaluator.go:869.28,870.16 1 1
github.com/abs-lang/abs/evaluator/evaluator.go:871.31,871.31 0 9
github.com/abs-lang/abs/evaluator/evaluator.go:873.23,874.15 1 1
github.com/abs-lang/abs/evaluator/evaluator.go:884.26,888.43 1 19
github.com/abs-lang/abs/evaluator/evaluator.go:888.43,890.4 1 6
github.com/abs-lang/abs/evaluator/evaluator.go:899.17,900.40 1 563
github.com/abs-lang/abs/evaluator/evaluator.go:904.2,904.40 1 80
github.com/abs-lang/abs/evaluator/evaluator.go:908.2,908.66 1 13
github.com/abs-lang/abs/evaluator/evaluator.go:900.40,902.3 1 483
github.com/abs-lang/abs/evaluator/evaluator.go:904.40,906.3 1 67
github.com/abs-lang/abs/evaluator/evaluator.go:915.39,916.25 1 181
github.com/abs-lang/abs/evaluator/evaluator.go:918.20,919.15 1 0
github.com/abs-lang/abs/evaluator/evaluator.go:920.23,921.17 1 153
github.com/abs-lang/abs/evaluator/evaluator.go:924.22,925.34 1 18
github.com/abs-lang/abs/evaluator/evaluator.go:928.22,929.34 1 10
github.com/abs-lang/abs/evaluator/evaluator.go:936.10,937.14 1 0
github.com/abs-lang/abs/evaluator/evaluator.go:941.38,942.16 1 3036
github.com/abs-lang/abs/evaluator/evaluator.go:945.2,945.14 1 299
github.com/abs-lang/abs/evaluator/evaluator.go:942.16,944.3 1 2737
github.com/abs-lang/abs/evaluator/evaluator.go:951.19,954.25 2 326
github.com/abs-lang/abs/evaluator/evaluator.go:962.2,962.15 1 325
github.com/abs-lang/abs/evaluator/evaluator.go:954.25,956.25 2 443
github.com/abs-lang/abs/evaluator/evaluator.go:959.3,959.37 1 442
github.com/abs-lang/abs/evaluator/evaluator.go:956.25,958.4 1 1
github.com/abs-lang/abs/evaluator/evaluator.go:976.96,978.16 2 28
github.com/abs-lang/abs/evaluator/evaluator.go:982.2,982.25 1 27
github.com/abs-lang/abs/evaluator/evaluator.go:1004.2,1004.95 1 2
github.com/abs-lang/abs/evaluator/evaluator.go:978.16,980.3 1 1
github.com/abs-lang/abs/evaluator/evaluator.go:983.22,985.35 1 14
github.com/abs-lang/abs/evaluator/evaluator.go:993.3,993.37 1 5
github.com/abs-lang/abs/evaluator/evaluator.go:1000.20,1001.111 1 12
github.com/abs-lang/abs/evaluator/evaluator.go:985.35,986.21 1 9
github.com/abs-lang/abs/evaluator/evaluator.go:990.4,990.16 1 6
github.com/abs-lang/abs/evaluator/evaluator.go:986.21,988.5 1 3
github.com/abs-lang/abs/evaluator/evaluator.go:993.37,994.23 1 4
github.com/abs-lang/abs/evaluator/evaluator.go:998.4,998.16 1 1
github.com/abs-lang/abs/evaluator/evaluator.go:994.23,996.5 1 3
github.com/abs-lang/abs/evaluator/evaluator.go:1007.91,1008.25 1 110
github.com/abs-lang/abs/evaluator/evaluator.go:1010.24,1013.17 2 40
github.com/abs-lang/abs/evaluator/evaluator.go:1016.3,1017.38 2 39
github.com/abs-lang/abs/evaluator/evaluator.go:1019.23,1020.29 1 70
github.com/abs-lang/abs/evaluator/evaluator.go:1022.10,1023.56 1 0
github.com/abs-lang/abs/evaluator/evaluator.go:1013.17,1015.4 1 1
github.com/abs-lang/abs/evaluator/evaluator.go:1027.103,1030.9 2 136
github.com/abs-lang/abs/evaluator/evaluator.go:1034.2,1034.68 1 136
github.com/abs-lang/abs/evaluator/evaluator.go:1038.2,1039.27 2 136
github.com/abs-lang/abs/evaluator/evaluator.go:1030.9,1032.3 1 0
github.com/abs-lang/abs/evaluator/evaluator.go:1034.68,1036.3 1 0
github.com/abs-lang/abs/evaluator/evaluator.go:1045.40,1048.37 2 40
github.com/abs-lang/abs/evaluator/evaluator.go:1052.2,1052.45 1 39
github.com/abs-lang/abs/evaluator/evaluator.go:1056.2,1056.17 1 39
github.com/abs-lang/abs/evaluator/evaluator.go:1048.37,1050.3 1 1
github.com/abs-lang/abs/evaluator/evaluator.go:1052.45,1054.3 1 41
github.com/abs-lang/abs/evaluator/evaluator.go:1059.57,1060.54 1 39
github.com/abs-lang/abs/evaluator/evaluator.go:1064.2,1064.12 1 33
github.com/abs-lang/abs/evaluator/evaluator.go:1060.54,1062.3 1 6
github.com/abs-lang/abs/evaluator/evaluator.go:1067.92,1070.19 3 60
github.com/abs-lang/abs/evaluator/evaluator.go:1073.2,1074.20 2 60
github.com/abs-lang/abs/evaluator/evaluator.go:1077.2,1078.18 2 60
github.com/abs-lang/abs/evaluator/evaluator.go:1082.2,1082.9 1 60
github.com/abs-lang/abs/evaluator/evaluator.go:1070.19,1072.3 1 0
github.com/abs-lang/abs/evaluator/evaluator.go:1074.20,1076.3 1 0
github.com/abs-lang/abs/evaluator/evaluator.go:1078.18,1080.3 1 0
github.com/abs-lang/abs/evaluator/evaluator.go:1083.76,1084.71 1 36
github.com/abs-lang/abs/evaluator/evaluator.go:1085.75,1086.51 1 10
github.com/abs-lang/abs/evaluator/evaluator.go:1087.77,1088.72 1 12
github.com/abs-lang/abs/evaluator/evaluator.go:1089.10,1090.95 1 2
github.com/abs-lang/abs/evaluator/evaluator.go:1094.124,1099.13 4 12
github.com/abs-lang/abs/evaluator/evaluator.go:1130.2,1130.26 1 2
github.com/abs-lang/abs/evaluator/evaluator.go:1134.2,1134.75 1 1
github.com/abs-lang/abs/evaluator/evaluator.go:1099.13,1101.14 1 10
github.com/abs-lang/abs/evaluator/evaluator.go:1104.3,1107.9 2 10
github.com/abs-lang/abs/evaluator/evaluator.go:1123.3,1123.16 1 9
github.com/abs-lang/abs/evaluator/evaluator.go:1127.3,1127.80 1 6
github.com/abs-lang/abs/evaluator/evaluator.go:1101.14,1103.4 1 2
github.com/abs-lang/abs/evaluator/evaluator.go:1107.9,1110.24 1 6
github.com/abs-lang/abs/evaluator/evaluator.go:1110.24,1112.5 1 2
github.com/abs-lang/abs/evaluator/evaluator.go:1112.10,1112.33 1 4
github.com/abs-lang/abs/evaluator/evaluator.go:1112.33,1114.5 1 3
github.com/abs-lang/abs/evaluator/evaluator.go:1115.9,1115.25 1 4
github.com/abs-lang/abs/evaluator/evaluator.go:1115.25,1119.4 1 1
github.com/abs-lang/abs/evaluator/evaluator.go:1123.16,1125.4 1 3
github.com/abs-lang/abs/evaluator/evaluator.go:1130.26,1132.3 1 1
github.com/abs-lang/abs/evaluator/evaluator.go:1137.123,1142.13 4 36
github.com/abs-lang/abs/evaluator/evaluator.go:1173.2,1173.26 1 28
github.com/abs-lang/abs/evaluator/evaluator.go:1177.2,1177.34 1 22
github.com/abs-lang/abs/evaluator/evaluator.go:1142.13,1144.14 1 8
github.com/abs-lang/abs/evaluator/evaluator.go:1147.3,1150.9 2 8
github.com/abs-lang/abs/evaluator/evaluator.go:1166.3,1166.16 1 8
github.com/abs-lang/abs/evaluator/evaluator.go:1170.3,1170.80 1 5
github.com/abs-lang/abs/evaluator/evaluator.go:1144.14,1146.4 1 1
github.com/abs-lang/abs/evaluator/evaluator.go:1150.9,1153.24 1 6
github.com/abs-lang/abs/evaluator/evaluator.go:1153.24,1155.5 1 2
github.com/abs-lang/abs/evaluator/evaluator.go:1155.10,1155.33 1 4
github.com/abs-lang/abs/evaluator/evaluator.go:1155.33,1157.5 1 3
github.com/abs-lang/abs/evaluator/evaluator.go:1158.9,1158.25 1 2
github.com/abs-lang/abs/evaluator/evaluator.go:1158.25,1162.4 1 0
github.com/abs-lang/abs/evaluator/evaluator.go:1166.16,1168.4 1 3
github.com/abs-lang/abs/evaluator/evaluator.go:1173.26,1175.3 1 6
github.com/abs-lang/abs/evaluator/evaluator.go:1183.17,1186.45 2 32
github.com/abs-lang/abs/evaluator/evaluator.go:1206.2,1206.35 1 31
github.com/abs-lang/abs/evaluator/evaluator.go:1186.45,1188.19 2 39
github.com/abs-lang/abs/evaluator/evaluator.go:1192.3,1193.10 2 39
github.com/abs-lang/abs/evaluator/evaluator.go:1197.3,1198.21 2 38
github.com/abs-lang/abs/evaluator/evaluator.go:1202.3,1203.58 2 38
github.com/abs-lang/abs/evaluator/evaluator.go:1188.19,1190.4 1 0
github.com/abs-lang/abs/evaluator/evaluator.go:1193.10,1195.4 1 1
github.com/abs-lang/abs/evaluator/evaluator.go:1198.21,1200.4 1 0
github.com/abs-lang/abs/evaluator/evaluator.go:1209.88,1213.9 3 22
github.com/abs-lang/abs/evaluator/evaluator.go:1217.2,1218.9 2 22
github.com/abs-lang/abs/evaluator/evaluator.go:1222.2,1222.19 1 15
github.com/abs-lang/abs/evaluator/evaluator.go:1213.9,1215.3 1 0
github.com/abs-lang/abs/evaluator/evaluator.go:1218.9,1220.3 1 7
github.com/abs-lang/abs/evaluator/evaluator.go:1225.96,1236.16 4 27
github.com/abs-lang/abs/evaluator/evaluator.go:1241.2,1246.31 4 27
github.com/abs-lang/abs/evaluator/evaluator.go:1253.2,1267.16 13 27
github.com/abs-lang/abs/evaluator/evaluator.go:1284.2,1284.17 1 27
github.com/abs-lang/abs/evaluator/evaluator.go:1292.2,1292.10 1 27
github.com/abs-lang/abs/evaluator/evaluator.go:1236.16,1238.3 1 11
github.com/abs-lang/abs/evaluator/evaluator.go:1246.31,1249.3 2 0
github.com/abs-lang/abs/evaluator/evaluator.go:1249.8,1252.3 2 27
github.com/abs-lang/abs/evaluator/evaluator.go:1267.16,1274.17 3 11
github.com/abs-lang/abs/evaluator/evaluator.go:1279.3,1279.32 1 11
github.com/abs-lang/abs/evaluator/evaluator.go:1274.17,1277.4 2 0
github.com/abs-lang/abs/evaluator/evaluator.go:1280.8,1282.3 1 16
github.com/abs-lang/abs/evaluator/evaluator.go:1284.17,1285.17 1 16
github.com/abs-lang/abs/evaluator/evaluator.go:1285.17,1287.4 1 0
github.com/abs-lang/abs/evaluator/evaluator.go:1287.9,1289.4 1 16
github.com/abs-lang/abs/evaluator/evaluator.go:1299.48,1304.16 3 11
github.com/abs-lang/abs/evaluator/evaluator.go:1309.2,1309.22 1 5
github.com/abs-lang/abs/evaluator/evaluator.go:1304.16,1307.3 2 5
github.com/abs-lang/abs/evaluator/functions.go:31.13,33.2 1 1
github.com/abs-lang/abs/evaluator/functions.go:39.42,343.2 1 1
github.com/abs-lang/abs/evaluator/functions.go:350.113,351.60 1 199
github.com/abs-lang/abs/evaluator/functions.go:355.2,355.26 1 198
github.com/abs-lang/abs/evaluator/functions.go:361.2,361.12 1 195
github.com/abs-lang/abs/evaluator/functions.go:351.60,353.3 1 1
github.com/abs-lang/abs/evaluator/functions.go:355.26,356.48 1 268
github.com/abs-lang/abs/evaluator/functions.go:356.48,358.4 1 3
github.com/abs-lang/abs/evaluator/functions.go:365.66,367.16 2 16
github.com/abs-lang/abs/evaluator/functions.go:371.2,371.31 1 14
github.com/abs-lang/abs/evaluator/functions.go:367.16,369.3 1 2
github.com/abs-lang/abs/evaluator/functions.go:372.21,373.71 1 3
github.com/abs-lang/abs/evaluator/functions.go:374.22,375.68 1 11
github.com/abs-lang/abs/evaluator/functions.go:376.10,377.82 1 0
github.com/abs-lang/abs/evaluator/functions.go:382.67,384.16 2 1
github.com/abs-lang/abs/evaluator/functions.go:388.2,391.14 3 1
github.com/abs-lang/abs/evaluator/functions.go:395.2,395.62 1 1
github.com/abs-lang/abs/evaluator/functions.go:384.16,386.3 1 0
github.com/abs-lang/abs/evaluator/functions.go:391.14,393.3 1 0
github.com/abs-lang/abs/evaluator/functions.go:399.67,401.16 2 0
github.com/abs-lang/abs/evaluator/functions.go:405.2,407.12 3 0
github.com/abs-lang/abs/evaluator/functions.go:401.16,403.3 1 0
github.com/abs-lang/abs/evaluator/functions.go:411.67,418.16 2 0
github.com/abs-lang/abs/evaluator/functions.go:423.2,430.28 3 0
github.com/abs-lang/abs/evaluator/functions.go:466.2,466.11 1 0
github.com/abs-lang/abs/evaluator/functions.go:471.2,471.13 1 0
github.com/abs-lang/abs/evaluator/functions.go:418.16,420.3 1 0
github.com/abs-lang/abs/evaluator/functions.go:430.28,433.12 1 0
github.com/abs-lang/abs/evaluator/functions.go:447.3,454.93 3 0
github.com/abs-lang/abs/evaluator/functions.go:433.12,437.33 1 0
github.com/abs-lang/abs/evaluator/functions.go:443.4,443.47 1 0
github.com/abs-lang/abs/evaluator/functions.go:437.33,438.10 1 0
github.com/abs-lang/abs/evaluator/functions.go:454.93,455.22 1 0
github.com/abs-lang/abs/evaluator/functions.go:455.22,457.5 1 0
github.com/abs-lang/abs/evaluator/functions.go:457.10,459.5 1 0
github.com/abs-lang/abs/evaluator/functions.go:466.11,468.3 1 0
github.com/abs-lang/abs/evaluator/functions.go:475.66,477.16 2 3
github.com/abs-lang/abs/evaluator/functions.go:480.2,480.47 1 3
github.com/abs-lang/abs/evaluator/functions.go:477.16,479.3 1 0
github.com/abs-lang/abs/evaluator/functions.go:484.65,486.15 2 2
github.com/abs-lang/abs/evaluator/functions.go:490.2,491.20 2 2
github.com/abs-lang/abs/evaluator/functions.go:498.2,499.18 2 2
github.com/abs-lang/abs/evaluator/functions.go:505.2,506.93 2 1
github.com/abs-lang/abs/evaluator/functions.go:486.15,488.3 1 0
github.com/abs-lang/abs/evaluator/functions.go:491.20,496.3 3 1
github.com/abs-lang/abs/evaluator/functions.go:499.18,502.3 1 1
github.com/abs-lang/abs/evaluator/functions.go:510.67,511.20 1 1
github.com/abs-lang/abs/evaluator/functions.go:516.2,517.25 2 1
github.com/abs-lang/abs/evaluator/functions.go:523.2,526.13 3 1
github.com/abs-lang/abs/evaluator/functions.go:511.20,515.3 2 0
github.com/abs-lang/abs/evaluator/functions.go:517.25,518.12 1 2
github.com/abs-lang/abs/evaluator/functions.go:518.12,520.4 1 1
github.com/abs-lang/abs/evaluator/functions.go:531.66,533.16 2 14
github.com/abs-lang/abs/evaluator/functions.go:537.2,537.65 1 13
github.com/abs-lang/abs/evaluator/functions.go:533.16,535.3 1 1
github.com/abs-lang/abs/evaluator/functions.go:537.65,539.3 1 10
github.com/abs-lang/abs/evaluator/functions.go:544.68,547.16 2 6
github.com/abs-lang/abs/evaluator/functions.go:551.2,554.19 2 6
github.com/abs-lang/abs/evaluator/functions.go:563.2,563.65 1 6
github.com/abs-lang/abs/evaluator/functions.go:547.16,549.3 1 0
github.com/abs-lang/abs/evaluator/functions.go:554.19,556.17 2 5
github.com/abs-lang/abs/evaluator/functions.go:560.3,560.66 1 5
github.com/abs-lang/abs/evaluator/functions.go:556.17,558.4 1 0
github.com/abs-lang/abs/evaluator/functions.go:563.65,565.3 1 6
github.com/abs-lang/abs/evaluator/functions.go:570.68,572.16 2 6
github.com/abs-lang/abs/evaluator/functions.go:576.2,576.61 1 6
github.com/abs-lang/abs/evaluator/functions.go:572.16,574.3 1 0
github.com/abs-lang/abs/evaluator/functions.go:581.67,583.16 2 6
github.com/abs-lang/abs/evaluator/functions.go:587.2,587.59 1 6
github.com/abs-lang/abs/evaluator/functions.go:583.16,585.3 1 0
github.com/abs-lang/abs/evaluator/functions.go:596.114,597.27 1 31
github.com/abs-lang/abs/evaluator/functions.go:598.22,599.67 1 18
github.com/abs-lang/abs/evaluator/functions.go:600.22,603.17 2 13
github.com/abs-lang/abs/evaluator/functions.go:607.3,607.59 1 10
github.com/abs-lang/abs/evaluator/functions.go:608.10,611.84 1 0
github.com/abs-lang/abs/evaluator/functions.go:603.17,605.4 1 3
github.com/abs-lang/abs/evaluator/functions.go:616.69,618.16 2 3
github.com/abs-lang/abs/evaluator/functions.go:622.2,622.31 1 3
github.com/abs-lang/abs/evaluator/functions.go:618.16,620.3 1 0
github.com/abs-lang/abs/evaluator/functions.go:623.22,624.13 1 0
github.com/abs-lang/abs/evaluator/functions.go:625.22,628.17 2 3
github.com/abs-lang/abs/evaluator/functions.go:632.3,632.46 1 2
github.com/abs-lang/abs/evaluator/functions.go:633.10,635.85 1 0
github.com/abs-lang/abs/evaluator/functions.go:628.17,630.4 1 1
github.com/abs-lang/abs/evaluator/functions.go:640.71,642.16 2 5
github.com/abs-lang/abs/evaluator/functions.go:646.2,646.31 1 5
github.com/abs-lang/abs/evaluator/functions.go:642.16,644.3 1 0
github.com/abs-lang/abs/evaluator/functions.go:647.22,648.50 1 2
github.com/abs-lang/abs/evaluator/functions.go:649.22,650.70 1 3
github.com/abs-lang/abs/evaluator/functions.go:651.10,653.88 1 0
github.com/abs-lang/abs/evaluator/functions.go:658.68,661.8 2 0
github.com/abs-lang/abs/evaluator/functions.go:665.2,665.58 1 0
github.com/abs-lang/abs/evaluator/functions.go:661.8,663.3 1 0
github.com/abs-lang/abs/evaluator/functions.go:667.51,670.8 2 0
github.com/abs-lang/abs/evaluator/functions.go:674.2,674.15 1 0
github.com/abs-lang/abs/evaluator/functions.go:677.2,677.107 1 0
github.com/abs-lang/abs/evaluator/functions.go:670.8,672.3 1 0
github.com/abs-lang/abs/evaluator/functions.go:674.15,676.3 1 0
github.com/abs-lang/abs/evaluator/functions.go:681.66,683.16 2 1
github.com/abs-lang/abs/evaluator/functions.go:687.2,688.64 2 1
github.com/abs-lang/abs/evaluator/functions.go:683.16,685.3 1 0
github.com/abs-lang/abs/evaluator/functions.go:692.66,694.16 2 2
github.com/abs-lang/abs/evaluator/functions.go:698.2,701.29 3 1
github.com/abs-lang/abs/evaluator/functions.go:705.2,705.54 1 0
github.com/abs-lang/abs/evaluator/functions.go:694.16,696.3 1 1
github.com/abs-lang/abs/evaluator/functions.go:701.29,703.3 1 1
github.com/abs-lang/abs/evaluator/functions.go:709.67,711.16 2 6
github.com/abs-lang/abs/evaluator/functions.go:715.2,715.66 1 6
github.com/abs-lang/abs/evaluator/functions.go:711.16,713.3 1 0
github.com/abs-lang/abs/evaluator/functions.go:719.68,721.16 2 6
github.com/abs-lang/abs/evaluator/functions.go:725.2,732.26 6 6
github.com/abs-lang/abs/evaluator/functions.go:736.2,736.42 1 6
github.com/abs-lang/abs/evaluator/functions.go:721.16,723.3 1 0
github.com/abs-lang/abs/evaluator/functions.go:732.26,734.3 1 46
github.com/abs-lang/abs/evaluator/functions.go:740.68,742.16 2 1
github.com/abs-lang/abs/evaluator/functions.go:746.2,747.57 2 1
github.com/abs-lang/abs/evaluator/functions.go:750.2,753.26 3 1
github.com/abs-lang/abs/evaluator/functions.go:757.2,757.42 1 1
github.com/abs-lang/abs/evaluator/functions.go:742.16,744.3 1 0
github.com/abs-lang/abs/evaluator/functions.go:747.57,749.3 1 5
github.com/abs-lang/abs/evaluator/functions.go:753.26,755.3 1 3
github.com/abs-lang/abs/evaluator/functions.go:762.67,775.16 2 12
github.com/abs-lang/abs/evaluator/functions.go:779.2,794.19 8 12
github.com/abs-lang/abs/evaluator/functions.go:805.2,805.64 1 12
github.com/abs-lang/abs/evaluator/functions.go:809.2,809.24 1 12
github.com/abs-lang/abs/evaluator/functions.go:813.2,813.37 1 12
github.com/abs-lang/abs/evaluator/functions.go:817.2,817.19 1 12
github.com/abs-lang/abs/evaluator/functions.go:821.2,821.8 1 11
github.com/abs-lang/abs/evaluator/functions.go:825.2,825.91 1 1
github.com/abs-lang/abs/evaluator/functions.go:775.16,777.3 1 0
github.com/abs-lang/abs/evaluator/functions.go:794.19,795.17 1 10
github.com/abs-lang/abs/evaluator/functions.go:796.12,797.54 1 3
github.com/abs-lang/abs/evaluator/functions.go:798.12,799.56 1 1
github.com/abs-lang/abs/evaluator/functions.go:805.64,807.3 1 4
github.com/abs-lang/abs/evaluator/functions.go:809.24,811.3 1 1
github.com/abs-lang/abs/evaluator/functions.go:813.37,815.3 1 1
github.com/abs-lang/abs/evaluator/functions.go:817.19,819.3 1 1
github.com/abs-lang/abs/evaluator/functions.go:821.8,823.3 1 10
github.com/abs-lang/abs/evaluator/functions.go:830.66,833.29 2 6
github.com/abs-lang/abs/evaluator/functions.go:837.2,837.96 1 6
github.com/abs-lang/abs/evaluator/functions.go:833.29,835.3 1 5
github.com/abs-lang/abs/evaluator/functions.go:841.66,843.16 2 4
github.com/abs-lang/abs/evaluator/functions.go:847.2,848.17 2 4
github.com/abs-lang/abs/evaluator/functions.go:852.2,852.24 1 3
github.com/abs-lang/abs/evaluator/functions.go:856.2,856.49 1 2
github.com/abs-lang/abs/evaluator/functions.go:860.2,862.33 2 1
github.com/abs-lang/abs/evaluator/functions.go:867.2,867.47 1 1
github.com/abs-lang/abs/evaluator/functions.go:843.16,845.3 1 0
github.com/abs-lang/abs/evaluator/functions.go:848.17,850.3 1 1
github.com/abs-lang/abs/evaluator/functions.go:852.24,854.3 1 1
github.com/abs-lang/abs/evaluator/functions.go:856.49,858.3 1 1
github.com/abs-lang/abs/evaluator/functions.go:862.33,865.3 2 2
github.com/abs-lang/abs/evaluator/functions.go:871.67,873.16 2 5
github.com/abs-lang/abs/evaluator/functions.go:877.2,880.24 3 5
github.com/abs-lang/abs/evaluator/functions.go:884.2,884.24 1 5
github.com/abs-lang/abs/evaluator/functions.go:888.2,888.28 1 4
github.com/abs-lang/abs/evaluator/functions.go:873.16,875.3 1 0
github.com/abs-lang/abs/evaluator/functions.go:880.24,882.3 1 0
github.com/abs-lang/abs/evaluator/functions.go:884.24,886.3 1 1
github.com/abs-lang/abs/evaluator/functions.go:889.22,891.30 2 1
github.com/abs-lang/abs/evaluator/functions.go:894.3,898.23 3 1
github.com/abs-lang/abs/evaluator/functions.go:901.3,901.36 1 1
github.com/abs-lang/abs/evaluator/functions.go:902.22,904.30 2 1
github.com/abs-lang/abs/evaluator/functions.go:907.3,911.23 3 1
github.com/abs-lang/abs/evaluator/functions.go:914.3,914.36 1 1
github.com/abs-lang/abs/evaluator/functions.go:915.10,916.96 1 2
github.com/abs-lang/abs/evaluator/functions.go:891.30,893.4 1 2
github.com/abs-lang/abs/evaluator/functions.go:898.23,900.4 1 2
github.com/abs-lang/abs/evaluator/functions.go:904.30,906.4 1 2
github.com/abs-lang/abs/evaluator/functions.go:911.23,913.4 1 2
github.com/abs-lang/abs/evaluator/functions.go:921.66,923.16 2 2
github.com/abs-lang/abs/evaluator/functions.go:927.2,932.33 5 2
github.com/abs-lang/abs/evaluator/functions.go:941.2,941.45 1 1
github.com/abs-lang/abs/evaluator/functions.go:923.16,925.3 1 0
github.com/abs-lang/abs/evaluator/functions.go:932.33,935.25 2 4
github.com/abs-lang/abs/evaluator/functions.go:938.3,938.29 1 3
github.com/abs-lang/abs/evaluator/functions.go:935.25,937.4 1 1
github.com/abs-lang/abs/evaluator/functions.go:945.67,947.16 2 2
github.com/abs-lang/abs/evaluator/functions.go:951.2,955.33 3 2
github.com/abs-lang/abs/evaluator/functions.go:964.2,964.51 1 2
github.com/abs-lang/abs/evaluator/functions.go:947.16,949.3 1 0
github.com/abs-lang/abs/evaluator/functions.go:955.33,958.18 2 2
github.com/abs-lang/abs/evaluator/functions.go:958.18,960.9 2 1
github.com/abs-lang/abs/evaluator/functions.go:968.68,970.16 2 3
github.com/abs-lang/abs/evaluator/functions.go:974.2,978.33 3 3
github.com/abs-lang/abs/evaluator/functions.go:986.2,986.51 1 3
github.com/abs-lang/abs/evaluator/functions.go:970.16,972.3 1 0
github.com/abs-lang/abs/evaluator/functions.go:978.33,981.19 2 5
github.com/abs-lang/abs/evaluator/functions.go:981.19,983.4 1 2
github.com/abs-lang/abs/evaluator/functions.go:990.67,992.16 2 2
github.com/abs-lang/abs/evaluator/functions.go:996.2,998.33 2 2
github.com/abs-lang/abs/evaluator/functions.go:1006.2,1006.13 1 1
github.com/abs-lang/abs/evaluator/functions.go:992.16,994.3 1 0
github.com/abs-lang/abs/evaluator/functions.go:998.33,1001.18 2 5
github.com/abs-lang/abs/evaluator/functions.go:1001.18,1003.4 1 1
github.com/abs-lang/abs/evaluator/functions.go:1010.69,1012.16 2 2
github.com/abs-lang/abs/evaluator/functions.go:1016.2,1019.33 3 2
github.com/abs-lang/abs/evaluator/functions.go:1031.2,1031.40 1 1
github.com/abs-lang/abs/evaluator/functions.go:1012.16,1014.3 1 0
github.com/abs-lang/abs/evaluator/functions.go:1019.33,1022.25 2 6
github.com/abs-lang/abs/evaluator/functions.go:1026.3,1026.26 1 5
github.com/abs-lang/abs/evaluator/functions.go:1022.25,1024.4 1 1
github.com/abs-lang/abs/evaluator/functions.go:1026.26,1028.4 1 3
github.com/abs-lang/abs/evaluator/functions.go:1035.69,1037.16 2 1
github.com/abs-lang/abs/evaluator/functions.go:1041.2,1045.33 4 1
github.com/abs-lang/abs/evaluator/functions.go:1054.2,1054.40 1 1
github.com/abs-lang/abs/evaluator/functions.go:1037.16,1039.3 1 0
github.com/abs-lang/abs/evaluator/functions.go:1045.33,1048.42 2 6
github.com/abs-lang/abs/evaluator/functions.go:1048.42,1051.4 2 3
github.com/abs-lang/abs/evaluator/functions.go:1058.71,1060.16 2 0
github.com/abs-lang/abs/evaluator/functions.go:1064.2,1064.31 1 0
github.com/abs-lang/abs/evaluator/functions.go:1101.2,1101.50 1 0
github.com/abs-lang/abs/evaluator/functions.go:1060.16,1062.3 1 0
github.com/abs-lang/abs/evaluator/functions.go:1065.22,1068.9 2 0
github.com/abs-lang/abs/evaluator/functions.go:1071.21,1074.35 2 0
github.com/abs-lang/abs/evaluator/functions.go:1068.9,1070.4 1 0
github.com/abs-lang/abs/evaluator/functions.go:1075.23,1076.35 1 0
github.com/abs-lang/abs/evaluator/functions.go:1083.4,1083.52 1 0
github.com/abs-lang/abs/evaluator/functions.go:1084.23,1085.35 1 0
github.com/abs-lang/abs/evaluator/functions.go:1097.4,1097.52 1 0
github.com/abs-lang/abs/evaluator/functions.go:1076.35,1077.69 1 0
github.com/abs-lang/abs/evaluator/functions.go:1077.69,1079.11 2 0
github.com/abs-lang/abs/evaluator/functions.go:1085.35,1091.88 1 0
github.com/abs-lang/abs/evaluator/functions.go:1091.88,1093.11 2 0
github.com/abs-lang/abs/evaluator/functions.go:1105.66,1107.16 2 12
github.com/abs-lang/abs/evaluator/functions.go:1111.2,1111.61 1 12
github.com/abs-lang/abs/evaluator/functions.go:1107.16,1109.3 1 0
github.com/abs-lang/abs/evaluator/functions.go:1115.66,1117.16 2 2
github.com/abs-lang/abs/evaluator/functions.go:1121.2,1121.128 1 2
github.com/abs-lang/abs/evaluator/functions.go:1117.16,1119.3 1 0
github.com/abs-lang/abs/evaluator/functions.go:1125.69,1127.16 2 2
github.com/abs-lang/abs/evaluator/functions.go:1131.2,1131.126 1 2
github.com/abs-lang/abs/evaluator/functions.go:1127.16,1129.3 1 0
github.com/abs-lang/abs/evaluator/functions.go:1135.69,1137.16 2 3
github.com/abs-lang/abs/evaluator/functions.go:1141.2,1141.126 1 3
github.com/abs-lang/abs/evaluator/functions.go:1137.16,1139.3 1 0
github.com/abs-lang/abs/evaluator/functions.go:1145.69,1147.16 2 2
github.com/abs-lang/abs/evaluator/functions.go:1151.2,1151.127 1 2
github.com/abs-lang/abs/evaluator/functions.go:1147.16,1149.3 1 0
github.com/abs-lang/abs/evaluator/functions.go:1155.70,1157.16 2 2
github.com/abs-lang/abs/evaluator/functions.go:1161.2,1161.192 1 2
github.com/abs-lang/abs/evaluator/functions.go:1157.16,1159.3 1 0
github.com/abs-lang/abs/evaluator/functions.go:1165.68,1167.16 2 1
github.com/abs-lang/abs/evaluator/functions.go:1171.2,1171.89 1 1
github.com/abs-lang/abs/evaluator/functions.go:1167.16,1169.3 1 0
github.com/abs-lang/abs/evaluator/functions.go:1175.68,1177.16 2 1
github.com/abs-lang/abs/evaluator/functions.go:1181.2,1181.91 1 1
github.com/abs-lang/abs/evaluator/functions.go:1177.16,1179.3 1 0
github.com/abs-lang/abs/evaluator/functions.go:1185.68,1187.16 2 1
github.com/abs-lang/abs/evaluator/functions.go:1191.2,1191.91 1 1
github.com/abs-lang/abs/evaluator/functions.go:1187.16,1189.3 1 0
github.com/abs-lang/abs/evaluator/functions.go:1195.67,1197.16 2 2
github.com/abs-lang/abs/evaluator/functions.go:1201.2,1203.20 2 2
github.com/abs-lang/abs/evaluator/functions.go:1207.2,1208.12 2 2
github.com/abs-lang/abs/evaluator/functions.go:1197.16,1199.3 1 0
github.com/abs-lang/abs/evaluator/functions.go:1203.20,1205.3 1 0
github.com/abs-lang/abs/evaluator/functions.go:1212.67,1214.16 2 5
github.com/abs-lang/abs/evaluator/functions.go:1218.2,1220.20 2 5
github.com/abs-lang/abs/evaluator/functions.go:1224.2,1226.23 2 5
github.com/abs-lang/abs/evaluator/functions.go:1229.2,1229.12 1 5
github.com/abs-lang/abs/evaluator/functions.go:1214.16,1216.3 1 0
github.com/abs-lang/abs/evaluator/functions.go:1220.20,1222.3 1 0
github.com/abs-lang/abs/evaluator/functions.go:1226.23,1228.3 1 0
github.com/abs-lang/abs/evaluator/functions.go:1233.67,1235.16 2 1
github.com/abs-lang/abs/evaluator/functions.go:1239.2,1239.93 1 1
github.com/abs-lang/abs/evaluator/functions.go:1235.16,1237.3 1 0
github.com/abs-lang/abs/evaluator/functions.go:1243.69,1245.16 2 1
github.com/abs-lang/abs/evaluator/functions.go:1249.2,1249.120 1 1
github.com/abs-lang/abs/evaluator/functions.go:1245.16,1247.3 1 0
github.com/abs-lang/abs/evaluator/functions.go:1253.68,1255.16 2 2
github.com/abs-lang/abs/evaluator/functions.go:1259.2,1261.13 2 2
github.com/abs-lang/abs/evaluator/functions.go:1265.2,1265.54 1 1
github.com/abs-lang/abs/evaluator/functions.go:1255.16,1257.3 1 0
github.com/abs-lang/abs/evaluator/functions.go:1261.13,1263.3 1 1
github.com/abs-lang/abs/evaluator/functions.go:1269.72,1271.16 2 2
github.com/abs-lang/abs/evaluator/functions.go:1275.2,1277.13 2 2
github.com/abs-lang/abs/evaluator/functions.go:1281.2,1281.54 1 1
github.com/abs-lang/abs/evaluator/functions.go:1271.16,1273.3 1 0
github.com/abs-lang/abs/evaluator/functions.go:1277.13,1279.3 1 1
github.com/abs-lang/abs/evaluator/functions.go:1285.68,1287.16 2 23
github.com/abs-lang/abs/evaluator/functions.go:1291.2,1294.31 3 23
github.com/abs-lang/abs/evaluator/functions.go:1306.2,1306.13 1 0
github.com/abs-lang/abs/evaluator/functions.go:1287.16,1289.3 1 0
github.com/abs-lang/abs/evaluator/functions.go:1295.22,1299.57 3 11
github.com/abs-lang/abs/evaluator/functions.go:1300.21,1303.58 2 12
github.com/abs-lang/abs/evaluator/functions.go:1312.61,1313.14 1 23
github.com/abs-lang/abs/evaluator/functions.go:1317.2,1317.15 1 23
github.com/abs-lang/abs/evaluator/functions.go:1321.2,1321.15 1 23
github.com/abs-lang/abs/evaluator/functions.go:1330.2,1330.28 1 23
github.com/abs-lang/abs/evaluator/functions.go:1334.2,1334.19 1 23
github.com/abs-lang/abs/evaluator/functions.go:1313.14,1315.3 1 8
github.com/abs-lang/abs/evaluator/functions.go:1317.15,1319.3 1 4
github.com/abs-lang/abs/evaluator/functions.go:1321.15,1323.19 2 10
github.com/abs-lang/abs/evaluator/functions.go:1323.19,1325.4 1 4
github.com/abs-lang/abs/evaluator/functions.go:1325.9,1327.4 1 6
github.com/abs-lang/abs/evaluator/functions.go:1330.28,1332.3 1 8
github.com/abs-lang/abs/evaluator/functions.go:1338.68,1340.16 2 3
github.com/abs-lang/abs/evaluator/functions.go:1344.2,1345.30 2 3
github.com/abs-lang/abs/evaluator/functions.go:1348.2,1351.10 3 2
github.com/abs-lang/abs/evaluator/functions.go:1340.16,1342.3 1 0
github.com/abs-lang/abs/evaluator/functions.go:1345.30,1347.3 1 1
github.com/abs-lang/abs/evaluator/functions.go:1355.70,1357.16 2 3
github.com/abs-lang/abs/evaluator/functions.go:1361.2,1363.63 2 3
github.com/abs-lang/abs/evaluator/functions.go:1367.2,1367.14 1 3
github.com/abs-lang/abs/evaluator/functions.go:1357.16,1359.3 1 0
github.com/abs-lang/abs/evaluator/functions.go:1363.63,1365.3 1 33
github.com/abs-lang/abs/evaluator/functions.go:1371.67,1374.16 2 1
github.com/abs-lang/abs/evaluator/functions.go:1378.2,1381.14 3 1
github.com/abs-lang/abs/evaluator/functions.go:1374.16,1376.3 1 0
github.com/abs-lang/abs/evaluator/functions.go:1386.66,1389.19 2 5
github.com/abs-lang/abs/evaluator/functions.go:1396.2,1396.16 1 5
github.com/abs-lang/abs/evaluator/functions.go:1399.2,1399.19 1 5
github.com/abs-lang/abs/evaluator/functions.go:1402.2,1402.31 1 5
github.com/abs-lang/abs/evaluator/functions.go:1422.2,1422.13 1 1
github.com/abs-lang/abs/evaluator/functions.go:1389.19,1390.41 1 5
github.com/abs-lang/abs/evaluator/functions.go:1390.41,1392.4 1 2
github.com/abs-lang/abs/evaluator/functions.go:1392.9,1392.47 1 3
github.com/abs-lang/abs/evaluator/functions.go:1392.47,1394.4 1 3
github.com/abs-lang/abs/evaluator/functions.go:1396.16,1398.3 1 0
github.com/abs-lang/abs/evaluator/functions.go:1399.19,1401.3 1 0
github.com/abs-lang/abs/evaluator/functions.go:1403.21,1404.28 1 2
github.com/abs-lang/abs/evaluator/functions.go:1409.20,1410.21 1 3
github.com/abs-lang/abs/evaluator/functions.go:1404.28,1408.4 3 2
github.com/abs-lang/abs/evaluator/functions.go:1410.21,1414.10 4 3
github.com/abs-lang/abs/evaluator/functions.go:1414.10,1419.5 4 2
github.com/abs-lang/abs/evaluator/functions.go:1427.67,1429.16 2 3
github.com/abs-lang/abs/evaluator/functions.go:1432.2,1432.31 1 3
github.com/abs-lang/abs/evaluator/functions.go:1449.2,1449.13 1 0
github.com/abs-lang/abs/evaluator/functions.go:1429.16,1431.3 1 0
github.com/abs-lang/abs/evaluator/functions.go:1433.21,1436.31 3 1
github.com/abs-lang/abs/evaluator/functions.go:1439.3,1439.46 1 1
github.com/abs-lang/abs/evaluator/functions.go:1440.20,1443.30 3 2
github.com/abs-lang/abs/evaluator/functions.go:1447.3,1447.39 1 2
github.com/abs-lang/abs/evaluator/functions.go:1436.31,1438.4 1 2
github.com/abs-lang/abs/evaluator/functions.go:1443.30,1446.4 2 8
github.com/abs-lang/abs/evaluator/functions.go:1453.69,1455.16 2 2
github.com/abs-lang/abs/evaluator/functions.go:1458.2,1461.29 4 2
github.com/abs-lang/abs/evaluator/functions.go:1465.2,1465.40 1 2
github.com/abs-lang/abs/evaluator/functions.go:1455.16,1457.3 1 0
github.com/abs-lang/abs/evaluator/functions.go:1461.29,1464.3 2 8
github.com/abs-lang/abs/evaluator/functions.go:1469.68,1471.16 2 2
github.com/abs-lang/abs/evaluator/functions.go:1474.2,1477.29 4 2
github.com/abs-lang/abs/evaluator/functions.go:1483.2,1483.39 1 2
github.com/abs-lang/abs/evaluator/functions.go:1471.16,1473.3 1 0
github.com/abs-lang/abs/evaluator/functions.go:1477.29,1482.3 4 8
github.com/abs-lang/abs/evaluator/functions.go:1486.67,1488.16 2 4
github.com/abs-lang/abs/evaluator/functions.go:1492.2,1496.33 4 4
github.com/abs-lang/abs/evaluator/functions.go:1500.2,1500.101 1 4
github.com/abs-lang/abs/evaluator/functions.go:1488.16,1490.3 1 0
github.com/abs-lang/abs/evaluator/functions.go:1496.33,1498.3 1 40
github.com/abs-lang/abs/evaluator/functions.go:1503.68,1505.16 2 2
github.com/abs-lang/abs/evaluator/functions.go:1509.2,1512.13 3 2
github.com/abs-lang/abs/evaluator/functions.go:1505.16,1507.3 1 0
github.com/abs-lang/abs/evaluator/functions.go:1522.69,1524.16 2 0
github.com/abs-lang/abs/evaluator/functions.go:1531.2,1535.32 3 0
github.com/abs-lang/abs/evaluator/functions.go:1544.2,1549.18 4 0
github.com/abs-lang/abs/evaluator/functions.go:1556.2,1560.22 5 0
github.com/abs-lang/abs/evaluator/functions.go:1572.2,1575.62 4 0
github.com/abs-lang/abs/evaluator/functions.go:1583.2,1585.18 2 0
github.com/abs-lang/abs/evaluator/functions.go:1524.16,1528.3 2 0
github.com/abs-lang/abs/evaluator/functions.go:1535.32,1542.3 4 0
github.com/abs-lang/abs/evaluator/functions.go:1549.18,1554.3 2 0
github.com/abs-lang/abs/evaluator/functions.go:1560.22,1564.30 3 0
github.com/abs-lang/abs/evaluator/functions.go:1567.3,1567.79 1 0
github.com/abs-lang/abs/evaluator/functions.go:1564.30,1566.4 1 0
github.com/abs-lang/abs/evaluator/functions.go:1575.62,1581.3 4 0
github.com/abs-lang/abs/evaluator/functions.go:1588.67,1590.16 2 1
github.com/abs-lang/abs/evaluator/functions.go:1595.2,1599.22 5 1
github.com/abs-lang/abs/evaluator/functions.go:1609.2,1613.62 4 1
github.com/abs-lang/abs/evaluator/functions.go:1621.2,1621.18 1 1
github.com/abs-lang/abs/evaluator/functions.go:1590.16,1592.3 1 0
github.com/abs-lang/abs/evaluator/functions.go:1599.22,1601.30 2 0
github.com/abs-lang/abs/evaluator/functions.go:1604.3,1604.87 1 0
github.com/abs-lang/abs/evaluator/functions.go:1601.30,1603.4 1 0
github.com/abs-lang/abs/evaluator/functions.go:1613.62,1619.3 4 0
github.com/abs-lang/abs/evaluator/functions.go:1624.67,1626.16 2 0
github.com/abs-lang/abs/evaluator/functions.go:1629.2,1637.31 6 0
github.com/abs-lang/abs/evaluator/functions.go:1647.2,1658.19 7 0
github.com/abs-lang/abs/evaluator/functions.go:1661.2,1661.13 1 0
github.com/abs-lang/abs/evaluator/functions.go:1626.16,1628.3 1 0
github.com/abs-lang/abs/evaluator/functions.go:1637.31,1640.3 2 0
github.com/abs-lang/abs/evaluator/functions.go:1640.8,1645.3 2 0
github.com/abs-lang/abs/evaluator/functions.go:1658.19,1660.3 1 0
